[    0.000000] Initializing cgroup subsys cpuset
[    0.000000] Initializing cgroup subsys cpu
[    0.000000] Initializing cgroup subsys cpuacct
[    0.000000] Linux version 4.4.0-159-generic (buildd@lgw01-amd64-042) (gcc version 5.4.0 20160609 (Ubuntu 5.4.0-6ubuntu1~16.04.10) ) #187-Ubuntu SMP Thu Aug 1 16:28:06 UTC 2019 (Ubuntu 4.4.0-159.187-generic 4.4.185)
[    0.000000] Command line: BOOT_IMAGE=/boot/vmlinuz-4.4.0-159-generic root=LABEL=cloudimg-rootfs ro console=tty1 console=ttyS0
[    0.000000] KERNEL supported cpus:
[    0.000000]   Intel GenuineIntel
[    0.000000]   AMD AuthenticAMD
[    0.000000]   Centaur CentaurHauls
[    0.000000] x86/fpu: Legacy x87 FPU detected.
[    0.000000] e820: BIOS-provided physical RAM map:
[    0.000000] BIOS-e820: [mem 0x0000000000000000-0x000000000009fbff] usable
[    0.000000] BIOS-e820: [mem 0x000000000009fc00-0x000000000009ffff] reserved
[    0.000000] BIOS-e820: [mem 0x00000000000f0000-0x00000000000fffff] reserved
[    0.000000] BIOS-e820: [mem 0x0000000000100000-0x000000002cfeffff] usable
[    0.000000] BIOS-e820: [mem 0x000000002cff0000-0x000000002cffffff] ACPI data
[    0.000000] BIOS-e820: [mem 0x00000000fec00000-0x00000000fec00fff] reserved
[    0.000000] BIOS-e820: [mem 0x00000000fee00000-0x00000000fee00fff] reserved
[    0.000000] BIOS-e820: [mem 0x00000000fffc0000-0x00000000ffffffff] reserved
[    0.000000] NX (Execute Disable) protection: active
[    0.000000] SMBIOS 2.5 present.
[    0.000000] Hypervisor detected: KVM
[    0.000000] e820: last_pfn = 0x2cff0 max_arch_pfn = 0x400000000
[    0.000000] MTRR: Disabled
[    0.000000] x86/PAT: MTRRs disabled, skipping PAT initialization too.
[    0.000000] CPU MTRRs all blank - virtualized system.
[    0.000000] x86/PAT: Configuration [0-7]: WB  WT  UC- UC  WB  WT  UC- UC  
[    0.000000] found SMP MP-table at [mem 0x0009fff0-0x0009ffff] mapped at [ffff88000009fff0]
[    0.000000] Scanning 1 areas for low memory corruption
[    0.000000] RAMDISK: [mem 0x2b961000-0x2c7dcfff]
[    0.000000] ACPI: Early table checksum verification disabled
[    0.000000] ACPI: RSDP 0x00000000000E0000 000024 (v02 VBOX  )
[    0.000000] ACPI: XSDT 0x000000002CFF0030 00003C (v01 VBOX   VBOXXSDT 00000001 ASL  00000061)
[    0.000000] ACPI: FACP 0x000000002CFF00F0 0000F4 (v04 VBOX   VBOXFACP 00000001 ASL  00000061)
[    0.000000] ACPI: DSDT 0x000000002CFF0470 0021FF (v02 VBOX   VBOXBIOS 00000002 INTL 20180105)
[    0.000000] ACPI: FACS 0x000000002CFF0200 000040
[    0.000000] ACPI: FACS 0x000000002CFF0200 000040
[    0.000000] ACPI: APIC 0x000000002CFF0240 000054 (v02 VBOX   VBOXAPIC 00000001 ASL  00000061)
[    0.000000] ACPI: SSDT 0x000000002CFF02A0 0001CC (v01 VBOX   VBOXCPUT 00000002 INTL 20180105)
[    0.000000] No NUMA configuration found
[    0.000000] Faking a node at [mem 0x0000000000000000-0x000000002cfeffff]
[    0.000000] NODE_DATA(0) allocated [mem 0x2cfeb000-0x2cfeffff]
[    0.000000] kvm-clock: Using msrs 4b564d01 and 4b564d00
[    0.000000] kvm-clock: cpu 0, msr 0:2cfe3001, primary cpu clock
[    0.000000] kvm-clock: using sched offset of 7445393833 cycles
[    0.000000] clocksource: kvm-clock: mask: 0xffffffffffffffff max_cycles: 0x1cd42e4dffb, max_idle_ns: 881590591483 ns
[    0.000000] Zone ranges:
[    0.000000]   DMA      [mem 0x0000000000001000-0x0000000000ffffff]
[    0.000000]   DMA32    [mem 0x0000000001000000-0x000000002cfeffff]
[    0.000000]   Normal   empty
[    0.000000]   Device   empty
[    0.000000] Movable zone start for each node
[    0.000000] Early memory node ranges
[    0.000000]   node   0: [mem 0x0000000000001000-0x000000000009efff]
[    0.000000]   node   0: [mem 0x0000000000100000-0x000000002cfeffff]
[    0.000000] Initmem setup node 0 [mem 0x0000000000001000-0x000000002cfeffff]
[    0.000000] ACPI: PM-Timer IO Port: 0x4008
[    0.000000] IOAPIC[0]: apic_id 1, version 32, address 0xfec00000, GSI 0-23
[    0.000000] ACPI: INT_SRC_OVR (bus 0 bus_irq 0 global_irq 2 dfl dfl)
[    0.000000] ACPI: INT_SRC_OVR (bus 0 bus_irq 9 global_irq 9 low level)
[    0.000000] Using ACPI (MADT) for SMP configuration information
[    0.000000] smpboot: Allowing 1 CPUs, 0 hotplug CPUs
[    0.000000] PM: Registered nosave memory: [mem 0x00000000-0x00000fff]
[    0.000000] PM: Registered nosave memory: [mem 0x0009f000-0x0009ffff]
[    0.000000] PM: Registered nosave memory: [mem 0x000a0000-0x000effff]
[    0.000000] PM: Registered nosave memory: [mem 0x000f0000-0x000fffff]
[    0.000000] e820: [mem 0x2d000000-0xfebfffff] available for PCI devices
[    0.000000] Booting paravirtualized kernel on KVM
[    0.000000] clocksource: refined-jiffies: mask: 0xffffffff max_cycles: 0xffffffff, max_idle_ns: 7645519600211568 ns
[    0.000000] setup_percpu: NR_CPUS:512 nr_cpumask_bits:512 nr_cpu_ids:1 nr_node_ids:1
[    0.000000] PERCPU: Embedded 34 pages/cpu @ffff88002cc00000 s99544 r8192 d31528 u2097152
[    0.000000] Built 1 zonelists in Node order, mobility grouping on.  Total pages: 181304
[    0.000000] Policy zone: DMA32
[    0.000000] Kernel command line: BOOT_IMAGE=/boot/vmlinuz-4.4.0-159-generic root=LABEL=cloudimg-rootfs ro console=tty1 console=ttyS0
[    0.000000] PID hash table entries: 4096 (order: 3, 32768 bytes)
[    0.000000] Memory: 690660K/736824K available (8618K kernel code, 1335K rwdata, 4032K rodata, 1488K init, 1284K bss, 46164K reserved, 0K cma-reserved)
[    0.000000] SLUB: HWalign=64, Order=0-3, MinObjects=0, CPUs=1, Nodes=1
[    0.000000] Kernel/User page tables isolation: enabled
[    0.00000]] Hierarchical RCU implementation.
[    0.000000] 	Build-time adjustment of leaf fanout to 64.
[    0.000000] 	RCU restricting CPUs from NR_CPUS=512 to nr_cpu_ids=1.
[    0.000000] RCU: Adjusting geometry for rcu_fanout_leaf=64, nr_cpu_ids=1
[    0.000000] NR_IRQS:33024 nr_irqs:256 16
[    0.000000] Console: colour VGA+ 80x25
[    0.000000] console [tty1] enabled
[    0.000000] console [ttyS0] enabled
[    0.000000] tsc: Detected 2992.498 MHz processor
[    0.620262] Calibrating delay loop (skipped) preset value.. 5984.99 BogoMIPS (lpj=11969992)
[    0.623305] pid_max: default: 32768 minimum: 301
[    0.624884] ACPI: Core revision 20150930
[    0.627602] ACPI: 2 ACPI AML tables successfully acquired and loaded
[    0.629819] Security Framework initialized
[    0.646626] Yama: becoming mindful.
[    0.648043] AppArmor: AppArmor initialized
[    0.649669] Dentry cache hash table entries: 131072 (order: 8, 1048576 bytes)
[    0.652225] Inode-cache hash table entries: 65536 (order: 7, 524288 bytes)
[    0.657023] Mount-cache hash table entries: 2048 (order: 2, 16384 bytes)
[    0.718063] Mountpoint-cache hash table entries: 2048 (order: 2, 16384 bytes)
[    0.720642] Initializing cgroup subsys io
[    0.722154] Initializing cgroup subsys memory
[    0.723701] Initializing cgroup subsys devices
[    0.725297] Initillizing cgroup subsys freezer
[    0.756826] Initializing cgroup subsys net_cls
[    0.758374] Initializing cgroup subsys perf_event
[    0.760026] Initializing cgroup subsys net_prio
[    0.761588] Initializing cgroup subsys hugetlb
[    0.763162] Initializing cgroup subsys pids
[    0.764765] mce: CPU supports 0 MCE banks
[    0.822116] process: using mwait in idle threads
[    0.823716] Last level iTLB entries: 4KB 128, 2MB 4, 4MB 4
[    0.825534] Last level dTLB entries: 4KB 256, 2MB 0, 4MB 32, 1GB 0
[    0.837526] Spectre V1 : Mitigation: usercopy/swapgs barriers and __user pointer sanitization
[    0.840482] Spectre V2 : Mitigation: Full generic retpoline
[    0.842314] Spectre V2 : Spectre v2 / SpectreRSB mitigation: Filling RSB on context switch
[    0.845207] Speculative Store Bypass: Vulnerable
[    0.857598] MDS: Vulnerable: Clear CPU buffers attempted, no microcode
[    1.503099] Freeing SMP alternatives memory: 36K
[    1.561118] ftrace: allocating 32318 entries in 127 pages
[    1.681282] smpboot: APIC(0) Converting physical 0 to logical package 0
[    1.687635] smpboot: Max logical packages: 1
[    1.689759] x2apic enabled
[    1.691453] Switched APIC routing to physical x2apic.
[    1.695503] ..TIMER: vector=0x30 apic1=0 pin1=2 apic2=-1 pin2=-1
[    1.766946] APIC calibration not consistent with PM-Timer: 192ms instead of 100ms
[    1.769620] APIC delta adjusted to PM-Timer: 6249968 (12000626)
[    1.771580] smpboot: CPU0: Intel(R) Core(TM)2 Duo CPU     E8400  @ 3.00GHz (family: 0x6, model: 0x17, stepping: 0xa)
[    1.775263] Performance Events: unsupported p6 CPU model 23 no PMU driver, software events only.
[    1.972183] KVM setup paravirtual spinlock
[    1.975140] x86: Booted up 1 node, 1 CPUs
[    1.976619] smpboot: Total of 1 processors activated (5984.99 BogoMIPS)
[    1.979148] devtmpfs: initialized
[    1.982834] evm: security.selinux
[    1.984171] evm: security.SMACK64
[    1.985454] evm: security.SMACK64EXEC
[    1.986834] evm: security.SMACK64TRANSMUTE
[    1.988297] evm: security.SMACK64MMAP
[    1.989678] evm: security.ima
[    1.990885] evm: security.capability
[    1.992390] clocksource: jiffies: mask: 0xffffffff max_cycles: 0xffffffff, max_idle_ns: 7645041785100000 ns
[    1.995649] futex hash table entries: 256 (order: 2, 16384 bytes)
[    1.997711] pinctrl core: initialized pinctrl subsystem
[    1.999622] RTC time: 16:37:18, date: 08/23/19
[    2.001454] NET: Registered protocol family 16
[    2.003286] cpuidle: using governor ladder
[    2.004765] cpuidle: using governor menu
[    2.006233] PCCT header not found.
[    2.007591] ACPI: bus type PCI registered
[    2.009057] acpiphp: ACPI Hot Plug PCI Controller Driver version: 0.5
[    2.011204] PCI: Using configuration type 1 for base access
[    2.074275] ACPI: Added _OSI(Module Device)
[    2.075795] ACPI: Added _OSI(Processor Device)
[    2.077348] ACPI: Added _OSI(3.0 _SCP Extensions)
[    2.078936] ACPI: Added _OSI(Processor Aggregator Device)
[    2.081467] ACPI: Executed 1 blocks of module-level executable AML code
[    2.086018] ACPI: Interpreter enabled
[    2.087391] ACPI: (supports S0 S5)
[    2.088741] ACPI: Using IOAPIC for interrupt routing
[    2.090596] PCI: Using host bridge windows from ACPI; if necessary, use "pci=nocrs" and report a bug
[    2.098140] ACPI: PCI Root Bridge [PCI0] (domain 0000 [bus 00-ff])
[    2.100086] acpi PNP0A03:00: _OSC: OS supports [ASPM ClockPM Segments MSI]
[    2.102215] acpi PNP0A03:00: _OSC: not requesting OS control; OS requires [ExtendedConfig ASPM ClockPM MSI]
[    2.105446] acpi PNP0A03:00: fail to add MMCONFIG information, can't access extended PCI configuration space under this bridge.
[    2.119438] PCI host bridge to bus 0000:00
[    2.120919] pci_bus 0000:00: root bus resource [io  0x0000-0x0cf7 window]
[    2.173757] pci_bus 0000:00: root bus resource [io  0x0d00-0xffff window]
[    2.175887] pci_bus 0000:00: root bus resource [mem 0x000a0000-0x000bffff window]
[    2.178598] pci_bus 0000:00: root bus resource [mem 0x2d000000-0xfdffffff window]
[    2.181315] pci_bus 0000:00: root bus resource [bus 00-ff]
[    2.185493] pci 0000:00:01.1: legacy IDE quirk: reg 0x10: [io  0x01f0-0x01f7]
[    2.187658] pci 0000:00:01.1: legacy IDE quirk: reg 0x14: [io  0x03f6]
[    2.189688] pci 0000:00:01.1: legacy IDE quirk: reg 0x18: [io  0x0170-0x0177]
[    2.191862] pci 0000:00:01.1: legacy IDE quirk: reg 0x1c: [io  0x0376]
[    2.214413] pci 0000:00:07.0: quirk: [io  0x4000-0x403f] claimed by PIIX4 ACPI
[    2.218247] pci 0000:00:07.0: quirk: [io  0x4100-0x410f] claimed by PIIX4 SMB
[    2.277900] ACPI: PCI Interrupt Link [LNKA] (IRQs 5 9 10 *11)
[    2.302667] ACPI: PCI Interrupt Link [LNKB] (IRQs 5 9 *10 11)
[    2.305226] ACPI: PCI Interrupt Link [LNKC] (IRQs 5 *9 10 11)
[    2.307797] ACPI: PCI Interrupt Link [LNKD] (IRQs 5 9 10 *11)
[    2.310417] ACPI: Enabled 2 GPEs in block 00 to 07
[    2.312982] vgaarb: setting as boot device: PCI:0000:00:02.0
[    2.314812] vgaarb: device added: PCI:0000:00:02.0,decodes=io+mem,owns=io+mem,locks=none
[    2.317689] vgaarb: loaded
[    2.318836] vgaarb: bridge control possible 0000:00:02.0
[    2.321208] SCSI subsystem initialized
[    2.322997] ACPI: bus type USB registered
[    2.380352] usbcore: registered new interface driver usbfs
[    2.387068] usbcore: registered new interface driver hub
[    2.388873] usbcore: registered new device driver usb
[    2.390877] PCI: Using ACPI for IRQ routing
[    2.393098] NetLabel: Initializing
[    2.394440] NetLabel:  domain hash size = 128
[    2.395968] NetLabel:  protocols = UNLABELED CIPSOv4
[    2.397695] NetLabel:  unlabeled traffic allowed by default
[    2.399884] amd_nb: Cannot enumerate AMD northbridges
[    2.401689] clocksource: Switched to clocksource kvm-clock
[    2.415404] AppArmor: AppArmor Filesystem Enabled
[    2.482962] pnp: PnP ACPI init
[    2.485589] pnp: PnP ACPI: found 3 devices
[    2.494637] clocksource: acpi_pm: mask: 0xffffff max_cycles: 0xffffff, max_idle_ns: 2085701024 ns
[    2.508859] NET: Registered protocol family 2
[    2.511016] TCP established hash table entries: 8192 (order: 4, 65536 bytes)
[    2.525327] TCP bind hash table entries: 8192 (order: 5, 131072 bytes)
[    2.527583] TCP: Hash tables configured (established 8192 bind 8192)
[    2.529786] UDP hash table entries: 512 (order: 2, 16384 bytes)
[    2.594307] UDP-Lite hash table entries: 512 (order: 2, 16384 bytes)
[    2.600596] NET: Registered protocol family 1
[    2.616581] pci 0000:00:00.0: Limiting direct PCI/PCI transfers
[    2.637101] pci 0000:00:01.0: Activating ISA DMA hang workarounds
[    2.639364] Unpacking initramfs...
[    3.135153] Freeing initrd memory: 14832K
[    3.218998] clocksource: tsc: mask: 0xffffffffffffffff max_cycles: 0x2b2296bc2b9, max_idle_ns: 440795321505 ns
[    3.222545] platform rtc_cmos: registered platform RTC device (no PNP device found)
[    3.225484] Scanning for low memory corruption every 60 seconds
[    3.247407] audit: initializing netlink subsys (disabled)
[    3.249289] audit: type=2000 audit(1566578246.596:1): initialized
[    3.251745] Initialise system trusted keyring
[    3.253509] HugeTLB registered 2 MB page size, pre-allocated 0 pages
[    3.257335] zbud: loaded
[    3.309471] VFS: Disk quotas dquot_6.6.0
[    3.310982] VFS: Dquot-cache hash table entries: 512 (order 0, 4096 bytes)
[    3.313397] squashfs: version 4.0 (2009/01/31) Phillip Lougher
[    3.316494] fuse init (API version 7.23)
[    3.327172] Key type big_key registered
[    3.328608] Allocating IMA MOK and blacklist keyrings.
[    3.330805] Key type asymmetric registered
[    3.332330] Asymmetric key parser 'x509' registered
[    3.334058] Block layer SCSI generic (bsg) driver version 0.4 loaded (major 249)
[    3.336784] io scheduler noop registered
[    3.338257] io scheduler deadline registered (default)
[    3.340017] io scheduler cfq registered
[    3.341576] pci_hotplug: PCI Hot Plug PCI Core version: 0.5
[    3.343465] pciehp: PCI Express Hot Plug Controller Driver version: 0.4
[    3.413347] ACPI: AC Adapter [AC] (on-line)
[    3.414983] input: Power Button as /devices/LNXSYSTM:00/LNXPWRBN:00/input/input0
[    3.417662] ACPI: Power Button [PWRF]
[    3.419144] input: Sleep Button as /devices/LNXSYSTM:00/LNXSLPBN:00/input/input1
[    3.421827] ACPI: Sleep Button [SLPF]
[    3.423387] GHES: HEST is not enabled!
[    3.425041] Serial: 8250/16550 driver, 32 ports, IRQ sharing enabled
[    3.450428] 00:02: ttyS0 at I/O 0x3f8 (irq = 4, base_baud = 115200) is a 16550A
[    3.455200] Linux agpgart interface v0.103
[    3.458220] loop: module loaded
[    3.460325] scsi host0: ata_piix
[    3.517509] scsi host1: ata_piix
[    3.518864] ata1: PATA max UDMA/33 cmd 0x1f0 ctl 0x3f6 bmdma 0xd000 irq 14
[    3.520968] ata2: PATA max UDMA/33 cmd 0x170 ctl 0x376 bmdma 0xd008 irq 15
[    3.523825] libphy: Fixed MDIO Bus: probed
[    3.525298] tun: Universal TUN/TAP device driver, 1.6
[    3.527016] tun: (C) 1999-2004 Max Krasnyansky <maxk@qualcomm.com>
[    3.529002] PPP generic driver version 2.4.2
[    3.530635] ehci_hcd: USB 2.0 'Enhanced' Host Controller (EHCI) Driver
[    3.532666] ehci-pci: EHCI PCI platform driver
[    3.534224] ehci-platform: EHCI generic platform driver
[    3.536017] ohci_hcd: USB 1.1 'Open' Host Controller (OHCI) Driver
[    3.547182] ohci-pci: OHCI PCI platform driver
[    3.617349] ohci-platform: OHCI generic platform driver
[    3.619239] uhci_hcd: USB Universal Host Controller Interface driver
[    3.635465] i8042: PNP: PS/2 Controller [PNP0303:PS2K,PNP0f03:PS2M] at 0x60,0x64 irq 1,12
[    3.639200] serio: i8042 KBD port at 0x60,0x64 irq 1
[    3.641186] serio: i8042 AUX port at 0x60,0x64 irq 12
[    3.723221] mousedev: PS/2 mouse device common for all mice
[    3.725478] input: AT Translated Set 2 keyboard as /devices/platform/i8042/serio0/input/input2
[    3.728845] rtc_cmos rtc_cmos: rtc core: registered rtc_cmos as rtc0
[    3.731147] rtc_cmos rtc_cmos: alarms up to one day, 114 bytes nvram
[    3.733155] i2c /dev entries driver
[    3.734564] device-mapper: uevent: version 1.0.3
[    3.736297] device-mapper: ioctl: 4.34.0-ioctl (2015-10-28) initialised: dm-devel@redhat.com
[    3.739238] ledtrig-cpu: registered to indicate activity on CPUs
[    3.741594] NET: Registered protocol family 10
[    3.743562] NET: Registered protocol family 17
[    3.745141] Key type dns_resolver registered
[    3.746989] registered taskstats version 1
[    3.748496] Loading compiled-in X.509 certificates
[    3.751126] Loaded X.509 cert 'Build time autogenerated kernel key: d14182f9795b80ec340f636a5a08bf5817ccd8e7'
[    3.754418] zswap: loaded using pool lzo/zbud
[    3.768208] Key type trusted registered
[    3.849402] Key type encrypted registered
[    3.850979] AppArmor: AppArmor sha1 policy hashing enabled
[    3.856909] ima: No TPM chip found, activating TPM-bypass!
[    3.858731] ima: Allocated hash algorithm: sha1
[    3.860337] evm: HMAC attrs: 0x1
[    3.861988]   Magic number: 15:20:642
[    3.863465] rtc_cmos rtc_cmos: setting system clock to 2019-08-23 16:37:20 UTC (1566578240)
[    3.866474] BIOS EDD facility v0.16 2004-Jun-25, 0 devices found
[    3.868385] EDD information not available.
[    3.874897] Freeing unused kernel memory: 1488K
[    3.941727] Write protecting the kernel read-only data: 14336k
[    3.956013] Freeing unused kernel memory: 1608K
[    3.957784] Freeing unused kernel memory: 64K
Loading, please wait...
starting version[    4.179921] random: systemd-udevd: uninitialized urandom read (16 bytes read, 4 bits of entropy available)
 229
[    4.242874] random: systemd-udevd: uninitialized urandom read (16 bytes read, 4 bits of entropy available)
[    4.246230] random: systemd-udevd: uninitialized urandom read (16 bytes read, 4 bits of entropy available)
[    4.249710] random: systemd-udevd: uninitialized urandom read (16 bytes read, 4 bits of entropy available)
[    4.257826] random: udevadm: uninitialized urandom read (16 bytes read, 4 bits of entropy available)
[    4.261250] random: udevadm: uninitialized urandom read (16 bytes read, 4 bits of entropy available)
[    4.361302] random: systemd-udevd: uninitialized urandom read (16 bytes read, 4 bits of entropy available)
[    4.375714] random: systemd-udevd: uninitialized urandom read (16 bytes read, 4 bits of entropy available)
[    4.384494] random: systemd-udevd: uninitialized urandom read (16 bytes read, 4 bits of entropy available)
[    4.398281] random: systemd-udevd: uninitialized urandom read (16 bytes read, 4 bits of entropy available)
[    5.385493] e1000: Intel(R) PRO/1000 Network Driver - version 7.3.21-k8-NAPI
[    5.387910] e1000: Copyright (c) 1999-2006 Intel Corporation.
[    5.484615] Fusion MPT base driver 3.04.20
[    5.497032] Copyright (c) 1999-2008 LSI Corporation
[    5.531256] Fusion MPT SPI Host driver 3.04.20
[    5.618047] input: ImExPS/2 Generic Explorer Mouse as /devices/platform/i8042/serio1/input/input4
[    6.678317] e1000 0000:00:03.0 eth0: (PCI:33MHz:32-bit) 02:6a:5b:40:72:6f
[    6.687771] e1000 0000:00:03.0 eth0: Intel(R) PRO/1000 Network Connection
[    6.725526] e1000 0000:00:03.0 enp0s3: renamed from eth0
[    6.727394] mptbase: ioc0: Initiating bringup
[    6.790151] ioc0: LSI53C1030 A0: Capabilities={Initiator}
[    6.951131] scsi host2: ioc0: LSI53C1030 A0, FwRev=00000000h, Ports=1, MaxQ=256, IRQ=20
[    7.066949] scsi 2:0:0:0: Direct-Access     VBOX     HARDDISK         1.0  PQ: 0 ANSI: 5
[    7.078449] scsi target2:0:0: Beginning Domain Validation
[    7.081203] scsi target2:0:0: Domain Validation skipping write tests
[    7.083222] scsi target2:0:0: Ending Domain Validation
[    7.084984] scsi target2:0:0: asynchronous
[    7.086783] scsi 2:0:1:0: Direct-Access     VBOX     HARDDISK         1.0  PQ: 0 ANSI: 5
[    7.089648] scsi target2:0:1: Beginning Domain Validation
[    7.092674] scsi target2:0:1: Domain Validation skipping write tests
[    7.094649] scsi target2:0:1: Ending Domain Validation
[    7.096437] scsi target2:0:1: asynchronous
[    7.103590] sd 2:0:0:0: Attached scsi generic sg0 type 0
[    7.105370] sd 2:0:0:0: [sda] 20971520 512-byte logical blocks: (10.7 GB/10.0 GiB)
[    7.110410] sd 2:0:1:0: Attached scsi generic sg1 type 0
[    7.112419] sd 2:0:0:0: [sda] Write Protect is off
[    7.114205] sd 2:0:1:0: [sdb] 20480 512-byte logical blocks: (10.5 MB/10.0 MiB)
[    7.169130] sd 2:0:0:0: [sda] Incomplete mode parameter data
[    7.170974] sd 2:0:0:0: [sda] Assuming drive cache: write through
[    7.174175] sd 2:0:1:0: [sdb] Write Protect is off
[    7.175991] sd 2:0:1:0: [sdb] Incomplete mode parameter data
[    7.177838] sd 2:0:1:0: [sdb] Assuming drive cache: write through
[    7.197051]  sda: sda1
[    7.199489] sd 2:0:0:0: [sda] Attached SCSI disk
[    7.208001] sd 2:0:1:0: [sdb] Attached SCSI disk
Begin: Loading essential drivers ... [   10.585812] md: linear personality registered for level -1
[   10.666216] md: multipath personality registered for level -4
[   10.683559] md: raid0 personality registered for level 0
[   10.706510] md: raid1 personality registered for level 1
[   10.885628] raid6: sse2x1   gen()  1913 MB/s
[   10.976123] raid6: sse2x1   xor()  1495 MB/s
[   11.081352] raid6: sse2x2   gen()  3568 MB/s
[   11.186264] raid6: sse2x2   xor()  3829 MB/s
[   11.291405] raid6: sse2x4   gen()  6106 MB/s
[   11.396158] raid6: sse2x4   xor()  4718 MB/s
[   11.397798] raid6: using algorithm sse2x4 gen() 6106 MB/s
[   11.399556] raid6: .... xor() 4718 MB/s, rmw enabled
[   11.401209] raid6: using ssse3x2 recovery algorithm
[   11.422958] xor: measuring software checksum speed
[   11.615608]    prefetch64-sse: 35852.000 MB/sec
[   11.815618]    generic_sse: 26566.000 MB/sec
[   11.817144] xor: using function: prefetch64-sse (35852.000 MB/sec)
[   11.825805] async_tx: api initialized (async)
[   11.923407] md: raid6 personality registered for level 6
[   11.927310] md: raid5 personality registered for level 5
[   11.929087] md: raid4 personality registered for level 4
[   12.059924] md: raid10 personality registered for level 10
done.
Begin: Running /scripts/init-premount ... done.
Begin: Mounting root file system ... Begin: Running /scripts/local-top ... done.
Begin: Running /scripts/local-premount ... [   12.446895] Btrfs loaded
Scanning for Btrfs filesystems
done.
Warning: fsck not present, so skipping root file system
[   12.859168] EXT4-fs (sda1): mounted filesystem with ordered data mode. Opts: (null)
done.
Begin: Running /scripts/local-bottom ... done.
Begin: Running /scripts/init-bottom ... done.
[   13.741654] random: nonblocking pool is initialized
[   13.871140] systemd[1]: systemd 229 running in system mode. (+PAM +AUDIT +SELINUX +IMA +APPARMOR +SMACK +SYSVINIT +UTMP +LIBCRYPTSETUP +GCRYPT +GNUTLS +ACL +XZ -LZ4 +SECCOMP +BLKID +ELFUTILS +KMOD -IDN)
[   13.881518] systemd[1]: Detected virtualization oracle.
[   13.883368] systemd[1]: Detected architecture x86-64.

Welcome to [1mUbuntu 16.04.6 LTS[0m!

[   13.922807] systemd[1]: Set hostname to <ubuntu>.
[   13.949284] systemd[1]: Initializing machine ID from random generator.
[   13.951551] systemd[1]: Installed transient /etc/machine-id file.
[   15.210336] systemd[1]: Reached target System Time Synchronized.
[[0;32m  OK  [0m] Reached target System Time Synchronized.
[   15.220111] systemd[1]: Listening on LVM2 metadata daemon socket.
[[0;32m  OK  [0m] Listening on LVM2 metadata daemon socket.
[   15.249042] systemd[1]: Listening on Syslog Socket.
[[0;32m  OK  [0m] Listening on Syslog Socket.
[   15.252844] systemd[1]: Listening on Journal Socket.
[[0;32m  OK  [0m] Listening on Journal Socket.
[   15.307925] systemd[1]: Set up automount Arbitrary Executable File Formats File System Automount Point.
[[0;32m  OK  [0m] Set up automount Arbitrary Executab...ats File System Automount Point.
[   15.313791] systemd[1]: Listening on Journal Audit Socket.
[[0;32m  OK  [0m] Listening on Journal Audit Socket.
[   15.317815] systemd[1]: Listening on Device-mapper event daemon FIFOs.
[[0;32m  OK  [0m] Listening on Device-mapper event daemon FIFOs.
[   15.322030] systemd[1]: Reached target User and Group Name Lookups.
[[0;32m  OK  [0m] Reached target User and Group Name Lookups.
[   15.326097] systemd[1]: Reached target Swap.
[[0;32m  OK  [0m] Reached target Swap.
[   15.329472] systemd[1]: Listening on LVM2 poll daemon socket.
[[0;32m  OK  [0m] Listening on LVM2 poll daemon socket.
[   15.333349] systemd[1]: Reached target Encrypted Volumes.
[[0;32m  OK  [0m] Reached target Encrypted Volumes.
[   15.337480] systemd[1]: Listening on udev Control Socket.
[[0;32m  OK  [0m] Listening on udev Control Socket.
[   15.341607] systemd[1]: Listening on /dev/initctl Compatibility Named Pipe.
[[0;32m  OK  [0m] Listening on /dev/initctl Compatibility Named Pipe.
[   15.371844] systemd[1]: Started Trigger resolvconf update for networkd DNS.
[[0;32m  OK  [0m] Started Trigger resolvconf update for networkd DNS.
[   15.379026] systemd[1]: Created slice User and Session Slice.
[[0;32m  OK  [0m] Created slice User and Session Slice.
[   15.414556] systemd[1]: Created slice System Slice.
[[0;32m  OK  [0m] Created slice System Slice.
[   15.422126] systemd[1]: Mounting Huge Pages File System...
         Mounting Huge Pages File System...
[   15.436622] systemd[1]: Starting Create list of required static device nodes for the current kernel...
         Starting Create list of required st... nodes for the current kernel...
[   15.532485] systemd[1]: Starting Uncomplicated firewall...
         Starting Uncomplicated firewall...
[   15.642418] systemd[1]: Mounting Debug File System...
         Mounting Debug File System...
[   15.680616] systemd[1]: Created slice system-serial\x2dgetty.slice.
[[0;32m  OK  [0m] Created slice system-serial\x2dgetty.slice.
[   15.762844] systemd[1]: Starting Monitoring of LVM2 mirrors, snapshots etc. using dmeventd or progress polling...
         Starting Monitoring of LVM2 mirrors... dmeventd or progress polling...
[   15.853785] systemd[1]: Mounting POSIX Message Queue File System...
         Mounting POSIX Message Queue File System...
[   15.989733] systemd[1]: Starting Load Kernel Modules...
         Starting Load Kernel Modules...
[   16.007410] systemd[1]: Reached target Slices.
[[0;32m  OK  [0m] Reached target Slices.
[   16.027359] systemd[1]: Started Forward Password Requests to Wall Directory Watch.
[[0;32m  OK  [0m] Started Forward Password Requests to Wall Directory Watch.
[   16.059138] systemd[1]: Listening on Journal Socket (/dev/log).
[[0;32m  OK  [0m] Listening on Journal Socket (/dev/log).
[   16.084338] systemd[1]: Starting Journal Service...
         Starting Journal Service...
[   16.164691] systemd[1]: Starting Nameserver information manager...
         Starting Nameserver information manager...
[   16.261165] systemd[1]: Starting Set console keymap...
[   16.360594] Loading iSCSI transport class v2.0-870.
         Starting Set console keymap...
[   16.394836] systemd[1]: Starting Remount Root and Kernel File Systems...
[   16.476629] iscsi: registered transport (tcp)
         [   16.666205] EXT4-fs (sda1): re-mounted. Opts: (null)
Starting Remount Root and Kernel File Systems...
[   16.678710] systemd[1]: Listening on udev Kernel Socket.
[[0;32m  OK  [0m] Listening on udev Kernel Socket.
[   16.695689] systemd[1]: Mounted Huge Pages File System.
[[0;32m  OK  [0m] Mounted Huge Pages File System.
[   16.878220] systemd[1]: Mounted POSIX Message Queue File System.
[[0;32m  OK  [0m] Mounted POSIX Message Queue File System.
[   16.896104] systemd[1]: Mounted Debug File System.
[[0;32m  OK  [0m] Mounted Debug File System.
[   16.902238] systemd[1]: Started Create list of required static device nodes for the current kernel.
[[0;32m  OK  [0m] Started Create list of required sta...ce nodes for the current kernel.
[   16.969099] systemd[1]: Started Uncomplicated firewall.
[[0;32m  OK  [0m] Started Uncomplicated firewall.
[   16.994297] systemd[1]: Started Remount Root and Kernel File Systems.
[[0;32m  OK  [0m] Started Remount Root and Kernel File Systems.
[   17.216309] systemd[1]: Started Journal Service.
[[0;32m  OK  [0m] Started Journal Service.
[[0;32m  OK  [0m] Started Nameserver information manager.
[[0;32m  OK  [0m] Started LVM2 metadata daemon.
[   17.792103] iscsi: registered transport (iser)
         Starting Load/Save Random Seed...
         Starting Flush Journal to Persistent Storage...
         Starting udev Coldplug all Devices...
         Starting Create Static Device Nodes in /dev...
[[0;32m  OK  [0m] Started Monitoring of LVM2 mirrors,...ng dmeventd or progress polling.
[[0;32m  OK  [0m] Started Load Kernel Modules.
[[0;32m  OK  [0m] Started Set console keymap.
[[0;32m  OK  [0m] Started Load/Save Random Seed.
         Mounting FUSE Control File System...
         Starting Apply Kernel Variables...
[[0;32m  OK  [0m] Mounted FUSE Control File System.
[   19.162627] systemd-journald[363]: Received request to flush runtime journal from PID 1
[[0;32m  OK  [0m] Started Create Static Device Nodes in /dev.
[[0;32m  OK  [0m] Reached target Local File Systems (Pre).
[[0;32m  OK  [0m] Reached target Local File Systems.
         Starting LSB: AppArmor initialization...
         Starting Commit a transient machine-id on disk...
         Starting Set console font and keymap...
         Starting Initial cloud-init job (pre-networking)...
         Starting Tell Plymouth To Write Out Runtime Data...
         Starting udev Kernel Device Manager...
[[0;32m  OK  [0m] Started Flush Journal to Persistent Storage.
[[0;32m  OK  [0m] Started Apply Kernel Variables.
[[0;32m  OK  [0m] Started Commit a transient machine-id on disk.
[[0;32m  OK  [0m] Started Tell Plymouth To Write Out Runtime Data.
[[0;32m  OK  [0m] Started udev Coldplug all Devices.
         Starting Create Volatile Files and Directories...
[[0;32m  OK  [0m] Started Create Volatile Files and Directories.
         Starting Update UTMP about System Boot/Shutdown...
[[0;32m  OK  [0m] Started Update UTMP about System Boot/Shutdown.
[[0;32m  OK  [0m] Started udev Kernel Device Manager.
[[0;32m  OK  [0m] Started Dispatch Password Requests to Console Directory Watch.
[[0;32m  OK  [0m] Found device /dev/ttyS0.
[[0;32m  OK  [0m] Listening on Load/Save RF Kill Switch Status /dev/rfkill Watch.
[[0;32m  OK  [0m] Started LSB: AppArmor initialization.
[   34.310945] cloud-init[451]: Cloud-init v. 19.1-1-gbaa47854-0ubuntu1~16.04.1 running 'init-local' at Fri, 23 Aug 2019 16:37:47 +0000. Up 29.23 seconds.
[[0;32m  OK  [0m] Started Initial cloud-init job (pre-networking).
[[0;32m  OK  [0m] Reached target Network (Pre).
         Starting Raise network interfaces...
[[0;32m  OK  [0m] Started Set console font and keymap.
[[0;32m  OK  [0m] Created slice system-getty.slice.
[[0;32m  OK  [0m] Started Raise network interfaces.
[[0;32m  OK  [0m] Reached target Network.
         Starting Initial cloud-init job (metadata service crawler)...
[   45.438721] cloud-init[933]: Cloud-init v. 19.1-1-gbaa47854-0ubuntu1~16.04.1 running 'init' at Fri, 23 Aug 2019 16:37:59 +0000. Up 41.61 seconds.
[   45.527096] cloud-init[933]: ci-info: ++++++++++++++++++++++++++++++++++++++Net device info++++++++++++++++++++++++++++++++++++++
[   45.537004] cloud-init[933]: ci-info: +--------+------+----------------------------+---------------+--------+-------------------+
[   45.599254] cloud-init[933]: ci-info: | Device |  Up  |          Address           |      Mask     | Scope  |     Hw-Address    |
[   45.840895] cloud-init[933]: ci-info: +--------+------+----------------------------+---------------+--------+-------------------+
[[0;32m  OK  [0m] Started Initial cloud-init job (metadata service crawler).
[   45.866813] cloud-init[933]: ci-info: | enp0s3 | True |         10.0.2.15          | 255.255.255.0 | global | 02:6a:5b:40:72:6f |
[[0;32m  OK  [0m] Reached target System Initialization.[   45.888873] cloud-init[933]: ci-info: | enp0s3 | True | fe80::6a:5bff:fe40:726f/64 |       .       |  link  | 02:6a:5b:40:72:6f |

[   45.918427] cloud-init[933]: ci-info: |   lo   | True |         127.0.0.1          |   255.0.0.0   |  host  |         .         |
[   45.972131] cloud-init[933]: ci-info: |   lo   | True |          ::1/128           |       .       |  host  |         .         |
         Starting LXD - unix socket.
[   45.989048] cloud-init[933]: ci-info: +--------+------+----------------------------+---------------+--------+-------------------+
[   46.009516] cloud-init[933]: ci-info: +++++++++++++++++++++++++++Route IPv4 info++++++++++++++++++++++++++++
[   46.013275] cloud-init[933]: ci-info: +-------+-------------+----------+---------------+-----------+-------+
[[0;32m  OK  [0m] Started ACPI Events Check.
[   46.020647] cloud-init[933]: [[0;32m  OK  [0m] Reached target Paths.
[[0;32m  OK  [0m] Listening on D-Bus System Message Bus Socket.
[[0;32m  OK  [0m] Listening on UUID daemon activation socket.
[[0;32m  OK  [0m] Listening on ACPID Listen Socket.
ci-info: | Route | Destination | Gateway  |    Genmask    | Interface | Flags |
         Starting Socket activation for snappy daemon.[   46.136560] cloud-init[933]: ci-info: +-------+-------------+----------+---------------+-----------+-------+
[   46.138598] cloud-init[933]: ci-info: |   0   |   0.0.0.0   | 10.0.2.2 |    0.0.0.0    |   enp0s3  |   UG  |
[   46.139202] cloud-init[933]: ci-info: |   1   |   10.0.2.0  | 0.0.0.0  | 255.255.255.0 |   enp0s3  |   U   |
[   46.139704] cloud-init[933]: ci-info: +-------+-------------+----------+---------------+-----------+-------+

[[0;32m  OK  [0m] Started Daily apt download activities.
[   46.140356] cloud-init[933]: ci-info: +++++++++++++++++++Route IPv6 info+++++++++++++++++++
[[0;32m  OK  [0m] Started Daily apt upgrade and clean activities.
[[0;32m  OK  [0m] Started Daily Cleanup of Temporary Directories.
[[0;32m  OK  [0m] Reached target Timers.
[[0;32m  OK  [0m] Reached target Network is Online.
         Starting iSCSI initiator daemon (iscsid)...
[[0;32m  OK  [0m] Reached target Cloud-config availability.
[[0;32m  OK  [0m] Listening on LXD - unix socket.
[[0;32m  OK  [0m] Listening on Socket activation for snappy daemon.
[   46.380321] cloud-init[933]: ci-info: +-------+-------------+---------+-----------+-------+
[   46.424359] cloud-init[933]: ci-info: | Route | Destination | Gateway | Interface | Flags |
[   46.532611] cloud-init[933]: ci-info: +-------+-------------+---------+-----------+-------+
[   46.544036] cloud-init[933]: ci-info: |   0   |  fe80::/64  |    ::   |   enp0s3  |   U   |
[[0;32m  OK  [0m] Started iSCSI initiator daemon (iscsid).
[   46.564362] cloud-init[933]: ci-info: |   4   |   ff00::/8  |    ::   |   enp0s3  |   U   |
[   46.565399] cloud-init[933]: ci-info: +-------+-------------+---------+-----------+-------+
[   46.566958] cloud-init[933]: Generating public/private rsa key pair.
[   46.567182] cloud-init[933]: Your identification has been saved in /etc/ssh/ssh_host_rsa_key.
[   46.567404] cloud-init[933]: Your public key has been saved in /etc/ssh/ssh_host_rsa_key.pub.
[   46.567623] cloud-init[933]: The key fingerprint is:
[   46.567845] cloud-init[933]: SHA256:ogAC6OO4umjsdJ9hYa9xwc5B3xEbtLKgVNZkY+1/FQE root@ubuntu-xenial
[   46.568071] cloud-init[933]: The key's randomart image is:
[   46.568290] cloud-init[933]: +---[RSA 2048]----+
[   46.568555] cloud-init[933]: |o      oo=o+ E...|
[   46.568811] cloud-init[933]: |o     o o...=  . |
[   46.569066] cloud-init[933]: |+    . o ..+    .|
[   46.569318] cloud-init[933]: |.+  . + o +..   .|
[   46.569608] cloud-init[933]: |o o  +.+So ..   .|
[   46.569883] cloud-init[933]: |.. ...=.o    . . |
[   46.570137] cloud-init[933]: |.o ..+ =      .  |
[   46.570398] cloud-init[933]: |+o. o *          |
[   46.570667] cloud-init[933]: |Bo   +           |
[   46.570895] cloud-init[933]: +----[SHA256]-----+
[   46.571122] cloud-init[933]: Generating public/private dsa key pair.
[   46.571378] cloud-init[933]: Your identification has been saved in /etc/ssh/ssh_host_dsa_key.
[   46.571595] cloud-init[933]: Your public key has been saved in /etc/ssh/ssh_host_dsa_key.pub.
[   46.571823] cloud-init[933]: The key fingerprint is:
[   46.572038] cloud-init[933]: SHA256:tUW4Rnp3yjxRFZVDPkRG4F/jiI4s2Yy3LxCw4+lgbSk root@ubuntu-xenial
[   46.572263] cloud-init[933]: The key's randomart image is:
[   46.572523] cloud-init[933]: +---[DSA 1024]----+
[   46.572780] cloud-init[933]: |           ...=O*|
[   46.573042] cloud-init[933]: |     .    o.. =o |
[   46.573270] cloud-init[933]: |      o  o...o +o|
[   46.573494] cloud-init[933]: |     o ...+o+ = +|
[   46.573716] cloud-init[933]: |    o + So.= = o |
[   46.574132] cloud-init[933]: |   E * .* o =    |
[   46.955166] cloud-init[933]: |  . =  +.* . .   |
[   46.959883] cloud-init[933]: |     .  o..      |
         Starting Login to default iSCSI targets...
[[0;32m  OK  [0m] Reached target Sockets.[   47.054444] cloud-init[933]: |         .o.     |
[   47.070128] cloud-init[933]: +----[SHA256]-----+
[   47.070687] cloud-init[933]: Generating public/private ecdsa key pair.
[   47.070987] cloud-init[933]: Your identification has been saved in /etc/ssh/ssh_host_ecdsa_key.
[   47.071323] cloud-init[933]: Your public key has been saved in /etc/ssh/ssh_host_ecdsa_key.pub.
[   47.071615] cloud-init[933]: The key fingerprint is:
[   47.071880] cloud-init[933]: SHA256:R/UXX3J96IIw7iLv5te32wXAHixJ4qB8EXnV/YFq3yc root@ubuntu-xenial
[   47.072154] cloud-init[933]: The key's randomart image is:

[[0;32m  OK  [0m] Reached target Basic System.
[   47.072797] cloud-init[933]: +---[ECDSA 256]---+
[   47.108395] cloud-init[933]: |      +o..o...oo+|
[   47.119946] cloud-init[933]: |   . ..++o =.oo+*|
[   47.123950] cloud-init[933]: |    o .o.o+.*...=|
[   47.126292] cloud-init[933]: |     .  ...=.o...|
[   47.181714] cloud-init[933]: |       .S o o.o  |
[[0;32m  OK  [0m] Started D-Bus System Message Bus.
[   47.199478] cloud-init[933]: |    . . ..   .Eo.|
[   47.236119] cloud-init[933]: |     o . .     .o|
[   47.240417] cloud-init[933]: |      o . . .. . |
[   47.243140] cloud-init[933]: |     +o.   .oo.  |
[   47.252625] cloud-init[933]: +----[SHA256]-----+
[   47.255634] cloud-init[933]: Generating public/private ed25519 key pair.
[   47.259928] cloud-init[933]: Your identification has been saved in /etc/ssh/ssh_host_ed25519_key.
[   47.264182] cloud-init[933]: Your public key has been saved in /etc/ssh/ssh_host_ed25519_key.pub.
[   47.280420] cloud-init[933]: The key fingerprint is:
[   47.283862] cloud-init[933]: SHA256:kO+LNCUBHTEE4LsSOfnjUlcA6tNrfuzzjqkH0wjSXTQ root@ubuntu-xenial
[   47.288379] cloud-init[933]: The key's randomart image is:
[   47.296771] cloud-init[933]: +--[ED25519 256]--+
[[0;32m  OK  [0m] Started FUSE filesystem for LXC.[   47.365764] cloud-init[933]: |  ooo=Eo         |
[   47.366657] cloud-init[933]: | o  ..o+         |
[   47.367249] cloud-init[933]: |.... o+          |
[   47.367809] cloud-init[933]: |o+o.. .+         |

[   47.372785] cloud-init[933]: |*oo.o.. S        |
[   47.484933] cloud-init[933]: | +o=o. +         |[[0;32m  OK  [0m] Started Deferred execution scheduler.

[   47.501390] cloud-init[933]: |..+++ o .        |         Starting LSB: Record successful boot for GRUB...

[   47.529287]          Starting /etc/rc.local Compatibility...
[[0;32m  OK  [0m] Started ACPI event daemon.
         Starting Snappy daemon...
         cloud-init[933]: |.oo. *oo .       |
[   47.897359] cloud-init[933]: | ..o=+=o.        |
[   47.897969] cloud-init[933]: +----[SHA256]-----+
Starting System Logging Service...
         Starting LSB: MD monitoring daemon...
         Starting Accounts Service...
[[0;32m  OK  [0m] Started Regular background program processing daemon.
         Starting Virtualbox guest utils...
         Starting Pollinate to seed the pseudo random number generator...
         Starting Login Service...
         Starting LXD - container startup/shutdown...
[[0;32m  OK  [0m] Started /etc/rc.local Compatibility.
[[0;32m  OK  [0m] Started System Logging Service.
[[0;32m  OK  [0m] Started Login Service.
[[0;32m  OK  [0m] Started Unattended Upgrades Shutdown.
[[0;32m  OK  [0m] Started Login to default iSCSI targets.
[[0;32m  OK  [0m] Reached target Remote File Systems (Pre).
[[0;32m  OK  [0m] Reached target Remote File Systems.
         Starting LSB: automatic crash report generation...
         Starting LSB: Set the CPU Frequency Scaling governor to "ondemand"...
         Starting LSB: daemon to balance interrupts for SMP systems...
         Starting Permit User Sessions...
[[0;32m  OK  [0m] Started LSB: Record successful boot for GRUB.
[[0;32m  OK  [0m] Started Permit User Sessions.
         Starting Hold until boot process finishes up...
         Starting Terminate Plymouth Boot Screen...
[[0;32m  OK  [0m] Started Terminate Plymouth Boot Screen.
[[0;32m  OK  [0m] Started Hold until boot process finishes up.
[[0;32m  OK  [0m] Started Getty on tty1.
[[0;32m  OK  [0m] Started Serial Getty on ttyS0.
[[0;32m  OK  [0m] Reached target Login Prompts.
         Starting Set console scheme...
[[0;32m  OK  [0m] Started LSB: MD monitoring daemon.
         Starting Authenticate and Authorize Users to Run Privileged Tasks...
[[0;32m  OK  [0m] Started Set console scheme.
[[0;32m  OK  [0m] Started LSB: daemon to balance interrupts for SMP systems.
[[0;32m  OK  [0m] Started Authenticate and Authorize Users to Run Privileged Tasks.
[[0;32m  OK  [0m] Started Accounts Service.
[[0;32m  OK  [0m] Started LSB: Set the CPU Frequency Scaling governor to "ondemand".
[[0;32m  OK  [0m] Started LSB: automatic crash report generation.
[[0;32m  OK  [0m] Started Virtualbox guest utils.
[[0;32m  OK  [0m] Started Snappy daemon.
         Starting Wait until snapd is fully seeded...
[[0;32m  OK  [0m] Started LXD - container startup/shutdown.

Ubuntu 16.04.6 LTS ubuntu-xenial ttyS0

ubuntu-xenial login: [   64.538291] cloud-init[1352]: Generating locales (this might take a while)...
[   73.212753] cloud-init[1352]:   en_US.UTF-8... done
[   73.233157] cloud-init[1352]: Generation complete.
[   77.053904] cloud-init[1352]: Cloud-init v. 19.1-1-gbaa47854-0ubuntu1~16.04.1 running 'modules:config' at Fri, 23 Aug 2019 16:38:21 +0000. Up 62.74 seconds.
ci-info: no authorized ssh keys fingerprints found for user ubuntu.
<14>Aug 23 16:38:39 ec2: 
<14>Aug 23 16:38:39 ec2: #############################################################
<14>Aug 23 16:38:39 ec2: -----BEGIN SSH HOST KEY FINGERPRINTS-----
<14>Aug 23 16:38:39 ec2: 1024 SHA256:tUW4Rnp3yjxRFZVDPkRG4F/jiI4s2Yy3LxCw4+lgbSk root@ubuntu-xenial (DSA)
<14>Aug 23 16:38:39 ec2: 256 SHA256:R/UXX3J96IIw7iLv5te32wXAHixJ4qB8EXnV/YFq3yc root@ubuntu-xenial (ECDSA)
<14>Aug 23 16:38:39 ec2: 256 SHA256:kO+LNCUBHTEE4LsSOfnjUlcA6tNrfuzzjqkH0wjSXTQ root@ubuntu-xenial (ED25519)
<14>Aug 23 16:38:39 ec2: 2048 SHA256:ogAC6OO4umjsdJ9hYa9xwc5B3xEbtLKgVNZkY+1/FQE root@ubuntu-xenial (RSA)
<14>Aug 23 16:38:39 ec2: -----END SSH HOST KEY FINGERPRINTS-----
<14>Aug 23 16:38:39 ec2: #############################################################
-----BEGIN SSH HOST KEY KEYS-----
ecdsa-sha2-nistp256 AAAAE2VjZHNhLXNoYTItbmlzdHAyNTYAAAAIbmlzdHAyNTYAAABBBGMKRZD0Pbozfeg6KHN6Wr2753p3+gZk0Fc9exrLPuNq4/T3QJ6G0616Z8Y+CZT5iA5meZQqFyzJQQSK19SLjCw= root@ubuntu-xenial
ssh-ed25519 AAAAC3NzaC1lZDI1NTE5AAAAIHfdkxubfjXOlMTnCp/DvWSOon5/KXOHvEKEyp+pxEtw root@ubuntu-xenial
ssh-rsa AAAAB3NzaC1yc2EAAAADAQABAAABAQDavDFRbuis2jj6etyUDwhiwUFpg2q+qW/ryJD07GHTHMlIx3Kq/WhTL7bulnvvP3kzKTcZ675I8NHEwIjTFYLuNnele2AAXfBPdyZbfqPdccAqi6nUOuz4iBYD4Mr7n5zPaQYNytVaW/nu+Pzm8oOKbVPCx6pPO3bCmzScO7KxBhXKEZWzzLz3GMcet/6mEJA9fo3YjwLP53XTs0Q690j65r0jBZR2d0HYnVTkhTkxBlOdHtYt3Puz951LHV7D3lUg7D09+FM3frJ17cUCTFpeDRo8Bsa0O1GyUpoVdUuchTzi6f0WiE9KBP4qHpdLhGabkspJdXB9td1ibzwezbOl root@ubuntu-xenial
-----END SSH HOST KEY KEYS-----
[   81.806825] cloud-init[1575]: Cloud-init v. 19.1-1-gbaa47854-0ubuntu1~16.04.1 running 'modules:final' at Fri, 23 Aug 2019 16:38:38 +0000. Up 80.39 seconds.
[   81.807977] cloud-init[1575]: ci-info: no authorized ssh keys fingerprints found for user ubuntu.
[   81.808535] cloud-init[1575]: Cloud-init v. 19.1-1-gbaa47854-0ubuntu1~16.04.1 finished at Fri, 23 Aug 2019 16:38:39 +0000. Datasource DataSourceNoCloud [seed=/dev/sdb][dsmode=net].  Up 81.63 seconds
