[    0.000000] Initializing cgroup subsys cpuset
[    0.000000] Initializing cgroup subsys cpu
[    0.000000] Initializing cgroup subsys cpuacct
[    0.000000] Linux version 4.4.0-159-generic (buildd@lgw01-amd64-042) (gcc version 5.4.0 20160609 (Ubuntu 5.4.0-6ubuntu1~16.04.10) ) #187-Ubuntu SMP Thu Aug 1 16:28:06 UTC 2019 (Ubuntu 4.4.0-159.187-generic 4.4.185)
[    0.000000] Command line: BOOT_IMAGE=/boot/vmlinuz-4.4.0-159-generic root=LABEL=cloudimg-rootfs ro console=tty1 console=ttyS0
[    0.000000] KERNEL supported cpus:
[    0.000000]   Intel GenuineIntel
[    0.000000]   AMD AuthenticAMD
[    0.000000]   Centaur CentaurHauls
[    0.000000] x86/fpu: Legacy x87 FPU detected.
[    0.000000] e820: BIOS-provided physical RAM map:
[    0.000000] BIOS-e820: [mem 0x0000000000000000-0x000000000009fbff] usable
[    0.000000] BIOS-e820: [mem 0x000000000009fc00-0x000000000009ffff] reserved
[    0.000000] BIOS-e820: [mem 0x00000000000f0000-0x00000000000fffff] reserved
[    0.000000] BIOS-e820: [mem 0x0000000000100000-0x000000002cfeffff] usable
[    0.000000] BIOS-e820: [mem 0x000000002cff0000-0x000000002cffffff] ACPI data
[    0.000000] BIOS-e820: [mem 0x00000000fec00000-0x00000000fec00fff] reserved
[    0.000000] BIOS-e820: [mem 0x00000000fee00000-0x00000000fee00fff] reserved
[    0.000000] BIOS-e820: [mem 0x00000000fffc0000-0x00000000ffffffff] reserved
[    0.000000] NX (Execute Disable) protection: active
[    0.000000] SMBIOS 2.5 present.
[    0.000000] Hypervisor detected: KVM
[    0.000000] e820: last_pfn = 0x2cff0 max_arch_pfn = 0x400000000
[    0.000000] MTRR: Disabled
[    0.000000] x86/PAT: MTRRs disabled, skipping PAT initialization too.
[    0.000000] CPU MTRRs all blank - virtualized system.
[    0.000000] x86/PAT: Configuration [0-7]: WB  WT  UC- UC  WB  WT  UC- UC  
[    0.000000] found SMP MP-table at [mem 0x0009fff0-0x0009ffff] mapped at [ffff88000009fff0]
[    0.000000] Scanning 1 areas for low memory corruption
[    0.000000] RAMDISK: [mem 0x2b961000-0x2c7dcfff]
[    0.000000] ACPI: Early table checksum verification disabled
[    0.000000] ACPI: RSDP 0x00000000000E0000 000024 (v02 VBOX  )
[    0.000000] ACPI: XSDT 0x000000002CFF0030 00003C (v01 VBOX   VBOXXSDT 00000001 ASL  00000061)
[    0.000000] ACPI: FACP 0x000000002CFF00F0 0000F4 (v04 VBOX   VBOXFACP 00000001 ASL  00000061)
[    0.000000] ACPI: DSDT 0x000000002CFF0470 0021FF (v02 VBOX   VBOXBIOS 00000002 INTL 20180105)
[    0.000000] ACPI: FACS 0x000000002CFF0200 000040
[    0.000000] ACPI: FACS 0x000000002CFF0200 000040
[    0.000000] ACPI: APIC 0x000000002CFF0240 000054 (v02 VBOX   VBOXAPIC 00000001 ASL  00000061)
[    0.000000] ACPI: SSDT 0x000000002CFF02A0 0001CC (v01 VBOX   VBOXCPUT 00000002 INTL 20180105)
[    0.000000] No NUMA configuration found
[    0.000000] Faking a node at [mem 0x0000000000000000-0x000000002cfeffff]
[    0.000000] NODE_DATA(0) allocated [mem 0x2cfeb000-0x2cfeffff]
[    0.000000] kvm-clock: Using msrs 4b564d01 and 4b564d00
[    0.000000] kvm-clock: cpu 0, msr 0:2cfe3001, primary cpu clock
[    0.000000] kvm-clock: using sched offset of 7393476773 cycles
[    0.000000] clocksource: kvm-clock: mask: 0xffffffffffffffff max_cycles: 0x1cd42e4dffb, max_idle_ns: 881590591483 ns
[    0.000000] Zone ranges:
[    0.000000]   DMA      [mem 0x0000000000001000-0x0000000000ffffff]
[    0.000000]   DMA32    [mem 0x0000000001000000-0x000000002cfeffff]
[    0.000000]   Normal   empty
[    0.000000]   Device   empty
[    0.000000] Movable zone start for each node
[    0.000000] Early memory node ranges
[    0.000000]   node   0: [mem 0x0000000000001000-0x000000000009efff]
[    0.000000]   node   0: [mem 0x0000000000100000-0x000000002cfeffff]
[    0.000000] Initmem setup node 0 [mem 0x0000000000001000-0x000000002cfeffff]
[    0.000000] ACPI: PM-Timer IO Port: 0x4008
[    0.000000] IOAPIC[0]: apic_id 1, version 32, address 0xfec00000, GSI 0-23
[    0.000000] ACPI: INT_SRC_OVR (bus 0 bus_irq 0 global_irq 2 dfl dfl)
[    0.000000] ACPI: INT_SRC_OVR (bus 0 bus_irq 9 global_irq 9 low level)
[    0.000000] Using ACPI (MADT) for SMP configuration information
[    0.000000] smpboot: Allowing 1 CPUs, 0 hotplug CPUs
[    0.000000] PM: Registered nosave memory: [mem 0x00000000-0x00000fff]
[    0.000000] PM: Registered nosave memory: [mem 0x0009f000-0x0009ffff]
[    0.000000] PM: Registered nosave memory: [mem 0x000a0000-0x000effff]
[    0.000000] PM: Registered nosave memory: [mem 0x000f0000-0x000fffff]
[    0.000000] e820: [mem 0x2d000000-0xfebfffff] available for PCI devices
[    0.000000] Booting paravirtualized kernel on KVM
[    0.000000] clocksource: refined-jiffies: mask: 0xffffffff max_cycles: 0xffffffff, max_idle_ns: 7645519600211568 ns
[    0.000000] setup_percpu: NR_CPU::512 nr_cpumask_bits:512 nr_cpu_ids:1 nr_node_ids:1
[    0.000000] PERCPU: Embedded 34 pages/cpu @ffff88002cc00000 s99544 r8192 d31528 u2097152
[    0.000000] Built 1 zonelists in Node order, mobility grouping on.  Total pages: 181304
[    0.000000] Policy zone: DMA32
[    0.000000] Kernel command line: BOOT_IMAGE=/boot/vmlinuz-4.4.0-159-generic root=LABEL=cloudimg-rootfs ro console=tty1 console=ttyS0
[    0.000000] PID hash table entries: 4096 (order: 3, 32768 bytes)
[    0.000000] Memory: 690660K/736824K available (8618K kernel code, 1335K rwdata, 4032K rodata, 1488K init, 1284K bss, 46164K reserved, 0K cma-reserved)
[    0.000000] SLUB: HWalign=64, Order=0-3, MinObjects=0, CPUs=1, Nodes=1
[    0.000000] Kernel/User page tables isolation: enabled
[    0.000000] Hierarchical RCU implementation.
[    0.000000] 	Build-time adjustment of leaf fanout to 64.
[    0.000000] 	RCU restricting CPUs from NR_CPUS=512 to nr_cpu_ids=1.
[    0.000000] RCU: Adjusting geometry for rcu_fanout_leaf=64, nr_cpu_ids=1
[    0.000000] NR_IRQS:33024 nr_irqs:256 16
[    0.000000] Console: colour VGA+ 80x25
[    0.000000] console [tty1] enabled
[    0.000000] console [ttyS0] enabled
[    0.000000] tsc: Detected 2992.498 MHz processor
[    0.700114] Calibrating delay loop (skipped) preset value.. 5984.99 BogoMIPS (lpj=11969992)
[    0.703127] pid_max: default: 32768 minimum: 301
[    0.704706] ACPI: Core revision 20150930
[    0.707396] ACPI: 2 ACPI AML tables successfully acquired and loaded
[    0.709640] Security Framework initialized
[    0.711143] Yama: becoming mindful.
[    0.712537] AppArmor: AppArmor initialized
[    0.714150] Dentry cache hash table entries: 131072 (order: 8, 1048576 bytes)
[    0.716686] Inode-cache hash table entries: 65536 (order: 7, 524288 bytes)
[    0.718980] Mount-cache hash table entries: 2048 (order: 2, 16384 bytes)
[    0.721049] Mountpoint-cache hash table entries: 2048 (order: 2, 16384 bytes)
[    0.723632] Initializing cgroup subsys io
[    0.725069] Initializing cgroup subsys memory
[    0.726632] Initializing cgroup subsys devices
[    0.728173] Initializing cgroup subsys freezer
[    0.780493] Initializing cgroup subsys net_cls
[    0.782042] Initializing cgroup subsys perf_event
[    0.783642] Initializing cgroup subsys net_prio
[    0.785239] Initializing cgroup subsys hugetlb
[    0.786788] Initializing cgroup subsys pids
[    0.788405] mce: CPU supports 0 MCE banks
[    0.789911] process: using mwait in idle threads
[    0.791524] Last level iTLB entries: 4KB 128, 2MB 4, 4MB 4
[    0.793301] Last level dTLB entries: 4KB 256, 2MB 0, 4MB 32, 1GB 0
[    0.795278] Spectre V1 : Mitigation: usercopy/swapgs barriers and __user pointer sanitization
[    0.798222] Spectre V2 : Mitigation: Full generic retpoline
[    0.800015] Spectre V2 : Spectre v2 / SpectreRSB mitigation: Filling RSB on context switch
[    0.802948] Speculative Store Bypass: Vulnerable
[    0.805308] MDS: Vulnerable: Clear CPU buffers attempted, no microcode
[    1.437047] Freeing SMP alternatives memory: 36K
[    1.446122] ftrace: allocating 32318 entries in 127 pages
[    1.612748] smpboot: APIC(0) Converting physical 0 to logical package 0
[    1.631623] smpboot: Max logical packages: 1
[    1.633758] x2apic enabled
[    1.635437] Switched APIC routing to physical x2apic.
[    1.639445] ..TIMER: vector=0x30 apic1=0 pin1=2 apic2=-1 pin2=-1
[    1.660940] APIC calibration not consistent with PM-Timer: 200ms instead of 100ms
[    1.663641] APIC delta adjusted to PM-Timer: 6249906 (12500547)
[    1.716348] smpboot: CPU0: Intel(R) Core(TM)2 Duo CPU     E8400  @ 3.00GHz (family: 0x6, model: 0x17, stepping: 0xa)
[    1.720046] Performance Events: unsupported p6 CPU model 23 no PMU driver, software events only.
[    1.864310] KVM setup paravirtual spinlock
[    1.923049] x86: Booted up 1 node, 1 CPUs
[    1.924511] smpboot: Total of 1 processors activated (5984.99 BogoMIPS)
[    1.927034] devtmpfs: initialized
[    1.930720] evm: security.selinux
[    1.932007] evm: security.SMACK64
[    1.933302] evm: security.SMACK64EXEC
[    1.934661] evm: security.SMACK64TRANSMUTE
[    1.936134] evm: security.SMACK64MMAP
[    1.940549] evm: security.ima
[    1.941755] evm: security.capability
[    1.943267] clocksource: jiffies: mask: 0xffffffff max_cycles: 0xffffffff, max_idle_ns: 7645041785100000 ns
[    1.946525] futex hash table entries: 256 (order: 2, 16384 bytes)
[    1.948578] pinctrl core: initialized pinctrl subsystem
[    1.950481] RTC time: 16:11:51, date: 08/23/19
[    1.952306] NET: Registered protocol family 16
[    1.954127] cpuidle: using governor ladder
[    1.955581] cpuidle: using governor menu
[    1.957017] PCCT header not found.
[    1.958366] ACPI: bus type PCI registered
[    1.959821] acpiphp: ACPI Hot Plug PCI Controller Driver version: 0.5
[    1.961954] PCI: Using configuration type 1 for base access
[    1.965286] ACPI: Added _OSI(Module Device)
[    1.966819] ACPI: Added _OSI(Processor Device)
[    1.968349] ACPI: Added _OSI(3.0 _SCP Extensions)
[    1.969967] ACPI: Added _OSI(Processor Aggregator Device)
[    2.028335] ACPI: Executed 1 blocks of module-level executable AML code
[    2.032880] ACPI: Interpreter enabled
[    2.034256] ACPI: (supports S0 S5)
[    2.035573] ACPI: Using IOAPIC for interrupt routing
[    2.037414] PCI: Using host bridge windows from ACPI; if necessary, use "pci=nocrs" and report a bug
[    2.045177] ACPI: PCI Root Bridge [PCI0] (domain 0000 [bus 00-ff])
[    2.047160] acpi PNP0A03:00: _OSC: OS supports [ASPM ClockPM Segments MSI]
[    2.049259] acpi PNP0A03:00: _OSC: not requesting OS control; OS requires [ExtendedConfig ASPM ClockPM MSI]
[    2.052496] acpi PNP0A03:00: fail to add MMCONFIG information, can't access extended PCI configuration space under this bridge.
[    2.056485] PCI host bridge to bus 0000:00
[    2.057954] pci_bus 0000:00: root bus resource [io  0x0000-0x0cf7 window]
[    2.060035] pci_bus 0000:00: root bus resource [io  0x0d00-0xffff window]
[    2.062124] pci_bus 0000:00: root bus resource [mem 0x000a0000-0x000bffff window]
[    2.064813] pci_bus 0000:00: root bus resource [mem 0x2d000000-0xfdffffff window]
[    2.067508] pci_bus 0000:00: root bus resource [bus 00-ff]
[    2.071690] pci 0000:00:01.1: legacy IDE quirk: reg 0x10: [io  0x01f0-0x01f7]
[    2.073860] pci 0000:00:01.1: legacy IDE quirk: reg 0x14: [io  0x03f6]
[    2.075880] pci 0000:00:01.1: legacy IDE quirk: reg 0x18: [io  0x0170-0x0177]
[    2.128744] pci 0000:00:01.1: legacy IDE quirk: reg 0x1c: [io  0x0376]
[    2.171597] pci 0000:00:07.0: quirk: [io  0x4000-0x403f] claimed by PIIX4 ACPI
[    2.233010] pci 0000:00:07.0: quirk: [io  0x4100-0x410f] claimed by PIIX4 SMB
[    2.241964] ACPI: PCI Interrupt Link [LNKA] (IRQs 5 9 10 *11)
[    2.266232] ACPI: PCI Interrupt Link [LNKB] (IRQs 5 9 *10 11)
[    2.268760] ACPI: PCI Interrupt Link [LNKC] (IRQs 5 *9 10 11)
[    2.271291] ACPI: PCI Interrupt Link [LNKD] (IRQs 5 9 10 *11)
[    2.273896] ACPI: Enabled 2 GPEs in block 00 to 07
[    2.276422] vgaarb: setting as boot device: PCI:0000:00:02.0
[    2.278274] vgaarb: device added: PCI:0000:00:02.0,decodes=io+mem,owns=io+mem,locks=none
[    2.331839] vgaarb: loaded
[    2.333038] vgaarb: bridge control possible 0000:00:02.0
[    2.335399] SCSI subsystem initialized
[    2.337178] ACPI: bus type USB registered
[    2.338701] usbcore: registered new interface driver usbfs
[    2.351081] usbcore: registered new interface driver hub
[    2.352842] usbcore: registered new device driver usb
[    2.354830] PCI: Using ACPI for IRQ routing
[    2.357013] NetLabel: Initializing
[    2.358352] NetLabel:  domain hash size = 128
[    2.359860] NetLabel:  protocols = UNLABELED CIPSOv4
[    2.361575] NetLabel:  unlabeled traffic allowed by default
[    2.363746] amd_nb: Cannot enumerate AMD northbridges
[    2.365544] clocksource: Switched to clocksource kvm-clock
[    2.379539] AppArmor: AppArmor Filesystem Enabled
[    2.540650] pnp: PnP ACPI init
[    2.543018] pnp: PnP ACPI: found 3 devices
[    2.551765] clocksource: acpi_pm: mask: 0xffffff max_cycles: 0xffffff, max_idle_ns: 2085701024 ns
[    2.554872] NET: Registered protocol family 2
[    2.556900] TCP established hash table entries: 8192 (order: 4, 65536 bytes)
[    2.559135] TCP bind hash table entries: 8192 (order: 5, 131072 bytes)
[    2.561195] TCP: Hash tables configured (established 8192 bind 8192)
[    2.563272] UDP hash table entries: 512 (order: 2, 16384 bytes)
[    2.565184] UDP-Lite hash table entries: 512 (order: 2, 16384 bytes)
[    2.567289] NET: Registered protocol family 1
[    2.568843] pci 0000:00:00.0: Limiting direct PCI/PCI transfers
[    2.641344] pci 0000:00:01.0: Activating ISA DMA hang workarounds
[    2.643594] Unpacking initramfs...
[    3.109429] Freeing initrd memory: 14832K
[    3.166855] clocksource: tsc: mask: 0xffffffffffffffff max_cycles: 0x2b2296bc2b9, max_idle_ns: 440795321505 ns
[    3.170262] platform rtc_cmos: registered platform RTC device (no PNP device found)
[    3.173197] Scanning for low memory corruption every 60 seconds
[    3.175538] audit: initializing netlink subsys (disabled)
[    3.177378] audit: type=2000 audit(1566576720.279:1): initialized
[    3.179736] Initialise system trusted keyring
[    3.181464] HugeTLB registered 2 MB page size, pre-allocated 0 pages
[    3.185086] zbud: loaded
[    3.186545] VFS: Disk quotas dquot_6.6.0
[    3.188056] VFS: Dquot-cache hash table entries: 512 (order 0, 4096 bytes)
[    3.190532] squashfs: version 4.0 (2009/01/31) Phillip Lougher
[    3.193508] fuse init (API version 7.23)
[    3.195177] Key type big_key registered
[    3.196610] Allocating IMA MOK and blacklist keyrings.
[    3.198789] Key type asymmetric registered
[    3.200315] Asymmetric key parser 'x509' registered
[    3.202013] Block layer SCSI generic (bsg) driver version 0.4 loaded (major 249)
[    3.204792] io scheduler noop registered
[    3.206288] io scheduler deadline registered (default)
[    3.208045] io scheduler cfq registered
[    3.209598] pci_hotplug: PCI Hot Plug PCI Core version: 0.5
[    3.211475] pciehp: PCI Express Hot Plug Controller Driver version: 0.4
[    3.271932] ACPI: AC Adapter [AC] (on-line)
[    3.273490] input: Power Button as /devices/LNXSYSTM:00/LNXPWRBN:00/input/input0
[    3.276228] ACPI: Power Button [PWRF]
[    3.277719] input: Sleep Button as /devices/LNXSYSTM:00/LNXSLPBN:00/input/input1
[    3.280400] ACPI: Sleep Button [SLPF]
[    3.282097] GHES: HEST is not enabled!
[    3.283615] Serial: 8250/16550 driver, 32 ports, IRQ sharing enabled
[    3.309048] 00:02: ttyS0 at I/O 0x3f8 (irq = 4, base_baud = 115200) is a 16550A
[    3.313109] Linux agpgart interface v0.103
[    3.316046] loop: module loaded
[    3.318115] scsi host0: ata_piix
[    3.319484] scsi host1: ata_piix
[    3.320795] ata1: PATA max UDMA/33 cmd 0x1f0 ctl 0x3f6 bmdma 0xd000 irq 14
[    3.373589] ata2: PATA max UDMA/33 cmd 0x170 ctl 0x376 bmdma 0xd008 irq 15
[    3.376386] libphy: Fixed MDIO Bus: probed
[    3.377903] tun: Universal TUN/TAP device driver, 1.6
[    3.379573] tun: (C) 1999-2004 Max Krasnyansky <maxk@qualcomm.com>
[    3.381545] PPP generic driver version 2.4.2
[    3.401149] ehci_hcd: USB 2.0 'Enhanced' Host Controller (EHCI) Driver
[    3.403232] ehci-pci: EHCI PCI platform driver
[    3.404781] ehci-platform: EHCI generic platform driver
[    3.406545] ohci_hcd: USB 1.1 'Open' Host Controller (OHCI) Driver
[    3.408495] ohci-pci: OHCI PCI platform driver
[    3.410066] ohci-platform: OHCI generic platform driver
[    3.411842] uhci_hcd: USB Universal Host Controller Interface driver
[    3.413890] i8042: PNP: PS/2 Controller [PNP0303:PS2K,PNP0f03:PS2M] at 0x60,0x64 irq 1,12
[    3.417455] serio: i8042 KBD port at 0x60,0x64 irq 1
[    3.476788] serio: i8042 AUX port at 0x60,0x64 irq 12
[    3.478677] mousedev: PS/2 mouse device common for all mice
[    3.480892] input: AT Translated Set 2 keyboard as /devices/platform/i8042/serio0/input/input2
[    3.484219] rtc_cmos rtc_cmos: rtc core: registered rtc_cmos as rtc0
[    3.486508] rtc_cmos rtc_cmos: alarms up to one day, 114 bytes nvram
[    3.488489] i2c /dev entries driver
[    3.489891] device-mapper: uevent: version 1.0.3
[    3.491593] device-mapper: ioctl: 4.34.0-ioctl (2015-10-28) initialised: dm-devel@redhat.com
[    3.494522] ledtrig-cpu: registered to indicate activity on CPUs
[    3.496827] NET: Registered protocol family 10
[    3.498781] NET: Registered protocol family 17
[    3.500345] Key type dns_resolver registered
[    3.502138] registered taskstats version 1
[    3.503679] Loading compiled-in X.509 certificates
[    3.506266] Loaded X.509 cert 'Build time autogenerated kernel key: d14182f9795b80ec340f636a5a08bf5817ccd8e7'
[    3.509590] zswap: loaded using pool lzo/zbud
[    3.523241] Key type trusted registered
[    3.597250] Key type encrypted registered
[    3.604657] AppArmor: AppArmor sha1 policy hashing enabled
[    3.610109] ima: No TPM chip found, activating TPM-bypass!
[    3.617497] ima: Allocated hash algorithm: sha1
[    3.622382] evm: HMAC attrs: 0x1
[    3.628383]   Magic number: 15:55:187
[    3.680885] rtc_cmos rtc_cmos: setting system clock to 2019-08-23 16:11:53 UTC (1566576713)
[    3.684085] BIOS EDD facility v0.16 2004-Jun-25, 0 devices found
[    3.686069] EDD information not available.
[    3.692944] Freeing unused kernel memory: 1488K
[    3.705585] Write protecting the kernel read-only data: 14336k
[    3.719815] Freeing unused kernel memory: 1608K
[    3.721609] Freeing unused kernel memory: 64K
Loading, please wait...
starting version 229
[    3.995719] random: systemd-udevd: uninitialized urandom read (16 bytes read, 3 bits of entropy available)
[    3.999619] random: systemd-udevd: uninitialized urandom read (16 bytes read, 3 bits of entropy available)
[    4.002849] random: systemd-udevd: uninitialized urandom read (16 bytes read, 3 bits of entropy available)
[    4.006162] random: systemd-udevd: uninitialized urandom read (16 bytes read, 3 bits of entropy available)
[    4.012243] random: udevadm: uninitialized urandom read (16 bytes read, 3 bits of entropy available)
[    4.022513] random: udevadm: uninitialized urandom read (16 bytes read, 3 bits of entropy available)
[    4.119180] random: systemd-udevd: uninitialized urandom read (16 bytes read, 3 bits of entropy available)
[    4.129688] random: systemd-udevd: uninitialized urandom read (16 bytes read, 3 bits of entropy available)
[    4.132973] random: systemd-udevd: uninitialized urandom read (16 bytes read, 3 bits of entropy available)
[    4.138043] random: systemd-udevd: uninitialized urandom read (16 bytes read, 3 bits of entropy available)
[    4.958628] Fusion MPT base driver 3.04.20
[    5.036853] Copyright (c) 1999-2008 LSI Corporation
[    5.043541] e1000: Intel(R) PRO/1000 Network Driver - version 7.3.21-k8-NAPI
[    5.045752] e1000: Copyright (c) 1999-2006 Intel Corporation.
[    5.352329] input: ImExPS/2 Generic Explorer Mouse as /devices/platform/i8042/serio1/input/input4
[    5.477208] Fusion MPT SPI Host driver 3.04.20
[    6.391882] e1000 0000:00:03.0 eth0: (PCI:33MHz:32-bit) 02:6a:5b:40:72:6f
[    6.401806] e1000 0000:00:03.0 eth0: Intel(R) PRO/1000 Network Connection
[    6.409464] e1000 0000:00:03.0 enp0s3: renamed from eth0
[    6.411346] mptbase: ioc0: Initiating bringup
[    6.474092] ioc0: LSI53C1030 A0: Capabilities={Initiator}
[    6.635101] scsi host2: ioc0: LSI53C1030 A0, FwRev=00000000h, Ports=1, MaxQ=256, IRQ=20
[    6.762625] scsi 2:0:0:0: Direct-Access     VBOX     HARDDISK         1.0  PQ: 0 ANSI: 5
[    6.765450] scsi target2:0:0: Beginning Domain Validation
[    6.768188] scsi target2:0:0: Domain Validation skipping write tests
[    6.770206] scsi target2:0:0: Ending Domain Validation
[    6.771949] scsi target2:0:0: asynchronous
[    6.773758] scsi 2:0:1:0: Direct-Access     VBOX     HARDDISK         1.0  PQ: 0 ANSI: 5
[    6.776601] scsi target2:0:1: Beginning Domain Validation
[    6.779325] scsi target2:0:1: Domain Validation skipping write tests
[    6.781323] scsi target2:0:1: Ending Domain Validation
[    6.783090] scsi target2:0:1: asynchronous
[    6.789504] sd 2:0:0:0: Attached scsi generic sg0 type 0
[    6.791307] sd 2:0:0:0: [sda] 20971520 512-byte logical blocks: (10.7 GB/10.0 GiB)
[    6.795214] sd 2:0:1:0: [sdb] 20480 512-byte logical blocks: (10.5 MB/10.0 MiB)
[    6.799096] sd 2:0:1:0: Attached scsi generic sg1 type 0
[    6.811788] sd 2:0:1:0: [sdb] Write Protect is off
[    6.836746] sd 2:0:0:0: [sda] Write Protect is off
[    6.839648] sd 2:0:0:0: [sda] Incomplete mode parameter data
[    6.842288] sd 2:0:0:0: [sda] Assuming drive cache: write through
[    6.847279] sd 2:0:1:0: [sdb] Incomplete mode parameter data
[    6.849958] sd 2:0:1:0: [sdb] Assuming drive cache: write through
[    6.900172]  sda: sda1
[    6.912592] sd 2:0:0:0: [sda] Attached SCSI disk
[    6.957456] sd 2:0:1:0: [sdb] Attached SCSI disk
Begin: Loading essential drivers ... [   10.259765] md: linear personality registered for level -1
[   10.285329] md: multipath personality registered for level -4
[   10.309160] md: raid0 personality registered for level 0
[   10.385340] md: raid1 personality registered for level 1
[   10.560244] raid6: sse2x1   gen()  3169 MB/s
[   10.665137] raid6: sse2x1   xor()  1514 MB/s
[   10.770312] raid6: sse2x2   gen()  4833 MB/s
[   10.875204] raid6: sse2x2   xor()  4775 MB/s
[   10.976442] raid6: sse2x4   gen()  6303 MB/s
[   11.080280] raid6: sse2x4   xor()  4282 MB/s
[   11.081889] raid6: using algorithm sse2x4 gen() 6303 MB/s
[   11.083676] raid6: .... xor() 4282 MB/s, rmw enabled
[   11.085359] raid6: using ssse3x2 recovery algorithm
[   11.103565] xor: measuring software checksum speed
[   11.217665]    prefetch64-sse: 30066.000 MB/sec
[   11.390246]    generic_sse: 26694.000 MB/sec
[   11.391893] xor: using function: prefetch64-sse (30066.000 MB/sec)
[   11.403978] async_tx: api initialized (async)
[   11.524614] md: raid6 personality registered for level 6
[   11.541360] md: raid5 personality registered for level 5
[   11.543134] md: raid4 personality registered for level 4
[   11.655898] md: raid10 personality registered for level 10
done.
Begin: Running /scripts/init-premount ... done.
Begin: Mounting root file system ... Begin: Running /scripts/local-top ... done.
Begin: Running /scripts/local-premount ... [   12.030814] Btrfs loaded
Scanning for Btrfs filesystems
done.
Warning: fsck not present, so skipping root file system
[   12.458791] EXT4-fs (sda1): mounted filesystem with ordered data mode. Opts: (null)
done.
Begin: Running /scripts/local-bottom ... done.
Begin: Running /scripts/init-bottom ... done.
[   13.416404] systemd[1]: systemd 229 running in system mode. (+PAM +AUDIT +SELINUX +IMA +APPARMOR +SMACK +SYSVINIT +UTMP +LIBCRYPTSETUP +GCRYPT +GNUTLS +ACL +XZ -LZ4 +SECCOMP +BLKID +ELFUTILS +KMOD -IDN)
[   13.437900] systemd[1]: Detected virtualization oracle.
[   13.440953] systemd[1]: Detected architecture x86-64.

Welcome to [1mUbuntu 16.04.6 LTS[0m!

[   13.479329] systemd[1]: Set hostname to <ubuntu>.
[   13.507215] random: nonblocking pool is initialized
[   13.510965] systemd[1]: Initializing machine ID from random generator.
[   13.513146] systemd[1]: Installed transient /etc/machine-id file.
[   14.707821] systemd[1]: Listening on LVM2 poll daemon socket.
[[0;32m  OK  [0m] Listening on LVM2 poll daemon socket.
[   14.714177] systemd[1]: Listening on /dev/initctl Compatibility Named Pipe.
[[0;32m  OK  [0m] Listening on /dev/initctl Compatibility Named Pipe.
[   14.724428] systemd[1]: Set up automount Arbitrary Executable File Formats File System Automount Point.
[[0;32m  OK  [0m] Set up automount Arbitrary Executab...ats File System Automount Point.
[   14.730476] systemd[1]: Started Trigger resolvconf update for networkd DNS.
[[0;32m  OK  [0m] Started Trigger resolvconf update for networkd DNS.
[   14.735115] systemd[1]: Listening on LVM2 metadata daemon socket.
[[0;32m  OK  [0m] Listening on LVM2 metadata daemon socket.
[   14.739533] systemd[1]: Listening on Journal Audit Socket.
[[0;32m  OK  [0m] Listening on Journal Audit Socket.
[   14.794167] systemd[1]: Listening on Syslog Socket.
[[0;32m  OK  [0m] Listening on Syslog Socket.
[   14.798032] systemd[1]: Listening on Journal Socket (/dev/log).
[[0;32m  OK  [0m] Listening on Journal Socket (/dev/log).
[   14.802153] systemd[1]: Reached target Swap.
[[0;32m  OK  [0m] Reached target Swap.
[   14.806929] systemd[1]: Created slice System Slice.
[[0;32m  OK  [0m] Created slice System Slice.
[   14.810956] systemd[1]: Listening on Device-mapper event daemon FIFOs.
[[0;32m  OK  [0m] Listening on Device-mapper event daemon FIFOs.
[   14.815362] systemd[1]: Reached target User and Group Name Lookups.
[[0;32m  OK  [0m] Reached target User and Group Name Lookups.
[   14.819883] systemd[1]: Listening on Journal Socket.
[[0;32m  OK  [0m] Listening on Journal Socket.
[   14.828080] systemd[1]: Starting Monitoring of LVM2 mirrors, snapshots etc. using dmeventd or progress polling...
         Starting Monitoring of LVM2 mirrors... dmeventd or progress polling...
[   14.844210] systemd[1]: Starting Remount Root and Kernel File Systems...
         Starting Remount Root and Kernel File Systems...[   15.016692] EXT4-fs (sda1): re-mounted. Opts: (null)

[   15.105786] systemd[1]: Starting Uncomplicated firewall...
         Starting Uncomplicated firewall...
[   15.211329] systemd[1]: Starting Load Kernel Modules...
         Starting Load Kernel Modules...
[   15.257207] systemd[1]: Starting Nameserver information manager...
         Starting Nameserver information manager...
[   15.345351] systemd[1]: Starting Journal Service...
[   15.416385] Loading iSCSI transport class v2.0-870.
         Starting Journal Service...
[   15.452629] systemd[1]: Starting Create list of required static device nodes for the current kernel...
[   15.561590] iscsi: registered transport (tcp)
         Starting Create list of required st... nodes for the current kernel...
[   15.663832] systemd[1]: Mounting Debug File System...
         Mounting Debug File System...
[   15.730619] systemd[1]: Mounting Huge Pages File System...
         Mounting Huge Pages File System...
[   15.752932] systemd[1]: Mounting POSIX Message Queue File System...
         Mounting POSIX Message Queue File System...
[   15.861561] systemd[1]: Listening on udev Kernel Socket.
[[0;32m  OK  [0m] Listening on udev Kernel Socket.
[   15.932317] systemd[1]: Created slice User and Session Slice.
[[0;32m  OK  [0m] Created slice User and Session Slice.
[   15.947616] systemd[1]: Reached target Slices.
[[0;32m  OK  [0m] Reached target Slices.
[   15.951189] systemd[1]: Reached target Encrypted Volumes.
[[0;32m  OK  [0m] Reached target Encrypted Volumes.
[   15.955571] systemd[1]: Started Forward Password Requests to Wall Directory Watch.
[[0;32m  OK  [0m] Started Forward Password Requests to Wall Directory Watch.
[   15.971887] systemd[1]: Created slice system-serial\x2dgetty.slice.
[[0;32m  OK  [0m] Created slice system-serial\x2dgetty.slice.
[   16.051222] systemd[1]: Reached target System Time Synchronized.
[[0;32m  OK  [0m] Reached target System Time Synchronized.
[   16.069049] systemd[1]: Starting Set console keymap...
         Starting Set console keymap...
[   16.244141] systemd[1]: Listening on udev Control Socket.
[[0;32m  OK  [0m] Listening on udev Control Socket.
[   16.280718] systemd[1]: Mounted Huge Pages File System.
[[0;32m  OK  [0m] Mounted Huge Pages File System.
[   16.291566] systemd[1]: Mounted POSIX Message Queue File System.
[[0;32m  OK  [0m] Mounted POSIX Message Queue File System.
[   16.454051] systemd[1]: Mounted Debug File System.
[[0;32m  OK  [0m] Mounted Debug File System.
[   16.460906] systemd[1]: Started Remount Root and Kernel File Systems.
[[0;32m  OK  [0m] Started Remount Root and Kernel File Systems.
[   16.468740] systemd[1]: Started Uncomplicated firewall.
[[0;32m  OK  [0m] Started Uncomplicated firewall.
[   16.585540] systemd[1]: Started Create list of required static device nodes for the current kernel.
[[0;32m  OK  [0m] Started Create list of required sta...ce nodes for the current kernel.
[   16.668161] iscsi: registered transport (iser)
[   16.866663] systemd[1]: Started Journal Service.
[[0;32m  OK  [0m] Started Journal Service.
[[0;32m  OK  [0m] Started Load Kernel Modules.
[[0;32m  OK  [0m] Started Nameserver information manager.
[[0;32m  OK  [0m] Started Set console keymap.
         Starting Apply Kernel Variables...
         Mounting FUSE Control File System...
[[0;32m  OK  [0m] Started LVM2 metadata daemon.
         Starting Create Static Device Nodes in /dev...
         Starting Flush Journal to Persistent Storage...
         Starting udev Coldplug all Devices...
         Starting Load/Save Random Seed...
[[0;32m  OK  [0m] Mounted FUSE Control File System.
[[0;32m  OK  [0m] Started Apply Kernel Variables.
[[0;32m  OK  [0m] Started Load/Save Random Seed.
[[0;32m  OK  [0m] Started Create Static Device Nodes in /dev.
[[0;32m  OK  [0m] Started Monitoring of LVM2 mirrors,...ng dmeventd or progress polling.
         Starting udev Kernel Device Manager...
[[0;32m  OK  [0m] Reached target Local File Systems (Pre).
[[0;32m  OK  [0m] Reached target Local File Systems.
         Starting Initial cloud-init job (pre-networking)...
         Starting Tell Plymouth To Write Out Runtime Data...
         Starting Commit a transient machine-id on disk...
         Starting Set console font and keymap...
         Starting LSB: AppArmor initialization...
[[0;32m  OK  [0m] Started Flush Journal to Persistent Storage.
[[0;32m  OK  [0m] Started Commit a transient machine-id on disk.
[[0;32m  OK  [0m] Started Tell Plymouth To Write Out Runtime Data.
         Starting Create Volatile Files and Directories...
[[0;32m  OK  [0m] Started udev Coldplug all Devices.
[[0;32m  OK  [0m] Started Create Volatile Files and Directories.
         Starting Update UTMP about System Boot/Shutdown...
[[0;32m  OK  [0m] Started Update UTMP about System Boot/Shutdown.
[[0;32m  OK  [0m] Started udev Kernel Device Manager.
[[0;32m  OK  [0m] Started Dispatch Password Requests to Console Directory Watch.
[[0;32m  OK  [0m] Listening on Load/Save RF Kill Switch Status /dev/rfkill Watch.
[[0;32m  OK  [0m] Found device /dev/ttyS0.
[[0;32m  OK  [0m] Started LSB: AppArmor initialization.
[   32.495116] cloud-init[463]: Cloud-init v. 19.1-1-gbaa47854-0ubuntu1~16.04.1 running 'init-local' at Fri, 23 Aug 2019 16:12:20 +0000. Up 28.92 seconds.
[[0;32m  OK  [0m] Started Initial cloud-init job (pre-networking).
[[0;32m  OK  [0m] Reached target Network (Pre).
         Starting Raise network interfaces...
[[0;32m  OK  [0m] Started Set console font and keymap.
[[0;32m  OK  [0m] Created slice system-getty.slice.
[[0;32m  OK  [0m] Started Raise network interfaces.
         Starting Initial cloud-init job (metadata service crawler)...
[[0;32m  OK  [0m] Reached target Network.
[   44.326668] cloud-init[946]: Cloud-init v. 19.1-1-gbaa47854-0ubuntu1~16.04.1 running 'init' at Fri, 23 Aug 2019 16:12:32 +0000. Up 40.61 seconds.
[   44.334754] cloud-init[946]: ci-info: ++++++++++++++++++++++++++++++++++++++Net device info++++++++++++++++++++++++++++++++++++++
[   44.343990] cloud-init[946]: ci-info: +--------+------+----------------------------+---------------+--------+-------------------+
[   44.352925] cloud-init[946]: ci-info: | Device |  Up  |          Address           |      Mask     | Scope  |     Hw-Address    |
[   44.362736] cloud-init[946]: ci-info: +--------+------+----------------------------+---------------+--------+-------------------+
[   44.366392] cloud-init[946]: ci-info: | enp0s3 | True |         10.0.2.15          | 255.255.255.0 | global | 02:6a:5b:40:72:6f |
[   44.428746] cloud-init[946]: ci-info: | enp0s3 | True | fe80::6a:5bff:fe40:726f/64 |       .       |  link  | 02:6a:5b:40:72:6f |
[   44.432277] cloud-init[946]: ci-info: |   lo   | True |         127.0.0.1          |   255.0.0.0   |  host  |         .         |
[   44.534376] cloud-init[946]: ci-info: |   lo   | True |          ::1/128           |       .       |  host  |         .         |
[   44.553011] cloud-init[946]: ci-info: +--------+------+----------------------------+---------------+--------+-------------------+
[   44.562684] cloud-init[946]: ci-info: +++++++++++++++++++++++++++Route IPv4 info++++++++++++++++++++++++++++
[   44.655242] cloud-init[946]: ci-info: +-------+-------------+----------+---------------+-----------+-------+
[   44.747727] cloud-init[946]: ci-info: | Route | Destination | Gateway  |    Genmask    | Interface | Flags |
[[0;32m  OK  [0m] Started Initial cloud-init job (metadata service crawler).[   44.752658] cloud-init[946]: ci-info: +-------+-------------+----------+---------------+-----------+-------+
[   44.753225] cloud-init[946]: ci-info: |   0   |   0.0.0.0   | 10.0.2.2 |    0.0.0.0    |   enp0s3  |   UG  |
[   44.753746] cloud-init[946]: ci-info: |   1   |   10.0.2.0  | 0.0.0.0  | 255.255.255.0 |   enp0s3  |   U   |
[   44.754277] cloud-init[946]: ci-info: +-------+-------------+----------+---------------+-----------+-------+
[   44.754835] cloud-init[946]: ci-info: +++++++++++++++++++Route IPv6 info+++++++++++++++++++
[   44.755356] cloud-init[946]: ci-info: +-------+-------------+---------+-----------+-------+
[   44.755879] cloud-init[946]: ci-info: | Route | Destination | Gateway | Interface | Flags |
[   44.756406] cloud-init[946]: ci-info: +-------+-------------+---------+-----------+-------+
[   44.756928] cloud-init[946]: ci-info: |   0   |  fe80::/64  |    ::   |   enp0s3  |   U   |
[   44.757447] cloud-init[946]: ci-info: |   4   |   ff00::/8  |    ::   |   enp0s3  |   U   |
[   44.758007] cloud-init[946]: ci-info: +-------+-------------+---------+-----------+-------+

[   44.772358] cloud-init[946]: Generating public/private rsa key pair.[[0;32m  OK  [0m] Reached target Network is Online.
         
[   44.787152] cloud-init[946]: Your identification has been saved in /etc/ssh/ssh_host_rsa_key.Starting iSCSI initiator daemon (iscsid)...
[[0;32m  OK  [0m] Reached target Cloud-config availability.
[[0;32m  OK  [0m] Reached target System Initialization.
[[0;32m  OK  [0m] Listening on D-Bus System Message Bus Socket.

[[0;32m  OK  [0m] Started ACPI Events Check.
[[0;32m  OK  [0m] Reached target Paths.
[[0;32m  OK  [0m] Listening on UUID daemon activation socket.
[   44.948752] cloud-init[946]: Your public key has been saved in /etc/ssh/ssh_host_rsa_key.pub.
         Starting Socket activation for snappy daemon.
[[0;32m  OK  [0m] Started Daily Cleanup of Temporary Directories.[   44.981783] cloud-init[946]: The key fingerprint is:
[   44.989407] cloud-init[946]: SHA256:MkSAqLyD6YqhznTwoEIjmcLU9i3bsFtkQVhVknzJpUQ root@ubuntu-xenial
[   44.989662] cloud-init[946]: The key's randomart image is:
[   44.989901] cloud-init[946]: +---[RSA 2048]----+
[   44.990148] cloud-init[946]: | . ...+ooo=Eo.   |
[   44.990519] cloud-init[946]: |. o  o.  oo+.    |
[   44.990771] cloud-init[946]: |o. o  ..  ..     |
[   44.990999] cloud-init[946]: |++. ... .        |
[   44.991245] cloud-init[946]: |*B.  +o+S        |
[   44.991475] cloud-init[946]: |Bo=   Oo         |
[   44.991706] cloud-init[946]: |=..o o o         |
[   44.991935] cloud-init[946]: |*o.   o          |

[   44.994185] cloud-init[946]: |*o   .           |
[   45.129826] cloud-init[946]: +----[SHA256]-----+
[[0;32m  OK  [0m] Started Daily apt download activities.
[   45.139003] [[0;32m  OK  [0m] Started Daily apt upgrade and clean activities.
[[0;32m  OK  [0m] Reached target Timers.
cloud-init[946]: Generating public/private dsa key pair.
[   45.207558] cloud-init[946]: Your identification has been saved in /etc/ssh/ssh_host_dsa_key.
[[0;32m  OK  [0m] Listening on ACPID Listen Socket.
[   45.212480] cloud-init[946]: Your public key has been saved in /etc/ssh/ssh_host_dsa_key.pub.
[   45.213742] cloud-init[946]: The key fingerprint is:
[   45.214330] cloud-init[946]: SHA256:n72x3UlQ9HflE+4S8b2vRP/RSKGWHd7NBBPXXR8SOIk root@ubuntu-xenial
[   45.215001] cloud-init[946]: The key's randomart image is:
[   45.215663] cloud-init[946]: +---[DSA 1024]----+
[   45.216857] cloud-init[946]: |          . o+==B|
[   45.236432] cloud-init[946]: |         E +  *=X|
         [   45.244713] cloud-init[946]: |            ..o=O|
[   45.247690] cloud-init[946]: |             =+**|
[   45.254794] Starting LXD - unix socket.
cloud-init[946]: |        S   +o=o+|
[[0;32m  OK  [0m] Listening on Socket activation for snappy daemon.
[   45.360464] cloud-init[946]: |         . + oooo|
[   45.362043] cloud-init[946]: |          o o oo+|
[   45.363608] cloud-init[[946]: |             *.o+|
[   45.369071] cloud-init[946]: |            o o.o|
[   45.370474] cloud-init[946]: +----[SHA256]-----+
[   45.370706] cloud-init[946]: Generating public/private ecdsa key pair.
[   45.370931] cloud-init[946]: Your identification has been saved in /etc/ssh/ssh_host_ecdsa_key.
[0;32m  OK  [0m] Listening on LXD - unix socket.
[   45.375694] cloud-init[946]: Your public key has been saved in /etc/ssh/ssh_host_ecdsa_key.pub.
[   45.437848] cloud-init[946]: The key fingerprint is:
[   45.438097] cloud-init[946]: SHA256:DJTuNX+WJZL/gqE9HMoA/aQ6bGuowKuSLQ/c9iTsmkw root@ubuntu-xenial
[   45.438324] cloud-init[946]: The key's randomart image is:
[   45.438566] cloud-init[946]: +---[ECDSA 256]---+
[   45.439404] cloud-init[946]: |      ..         |
[   45.439678] cloud-init[946]: |     ..          |
[   45.439901] cloud-init[946]: |     o.    .     |
[   45.440139] cloud-init[946]: |    . oo+ o . .  |
[[0;32m  OK  [0m] Started iSCSI initiator daemon (iscsid).
[   45.572479] cloud-init[946]: |     o =So o +   |
[   45.574032] cloud-init[946]: |o o   + . + =    |
[   45.575573] cloud-init         Starting Login to default iSCSI targets...
[[0;32m  OK  [0m] Reached target Sockets.
[[0;32m  OK  [0m] Reached target Basic System.
[946]: |oE B o o = * .   |
         Starting LSB: MD monitoring daemon...[   45.613346] cloud-init[946]: |B.B X   + = . .  |
[   45.615016] cloud-init
         Starting Login Service...
         Starting LSB: Record successful boot for GRUB...
[[0;32m  OK  [0m] Started Regular background program processing daemon.
         Starting System Logging Service...
         Starting Virtualbox guest utils...
[[0;32m  OK  [0m] Started D-Bus System Message Bus.
[946]: |=Oo+.+     . .   |
[   46.282812] cloud-init[946]: +----[SHA256]-----+
[   46.288317] cloud-init[946]: Generating public/private ed25519 key pair.
[   46.298874] cloud-init[946]: Your identification has been saved in /etc/ssh/ssh_host_ed25519_key.
[   46.310843] cloud-init[946]: Your public key has been saved in /etc/ssh/ssh_host_ed25519_key.pub.
[   46.317183] cloud-init[946]: The key fingerprint is:
[   46.321042] cloud-init[946]: SHA256:qOirrnrwNv2iTXat+LoG18N2By617M84PystNwBl1io root@ubuntu-xenial
[   46.325881] cloud-init[946]: The key's randomart image is:
[   46.331668] cloud-init[946]: +--[ED25519 256]--+
[   46.334945] cloud-init[946]: |         .       |
[   46.338494] cloud-init[946]: |        + .      |
[   46.403556] cloud-init[946]: |       + .       |
[   46.416731] cloud-init[946]: |      E.+        |
[   46.432475] cloud-init[946]: |     o.*So       |
[   46.489779] cloud-init[946]: |. ....*.* .      |
[   46.513954] cloud-init[946]: | o.++..=.+       |
[   46.564618] cloud-init[946]: | .=++o .=o=      |
[   46.602084] cloud-init[946]: |B=+==*+ .B=+     |
[[0;32m  OK  [0m] Started Deferred execution scheduler.
[   46.715484] cloud-init[946]: +----[SHA256]-----+
[[0;32m  OK  [0m] Started FUSE filesystem for LXC.
         Starting LXD - container startup/shutdown...
         Starting Pollinate to seed the pseudo random number generator...
         Starting /etc/rc.local Compatibility...
         Starting Accounts Service...
[[0;32m  OK  [0m] Started ACPI event daemon.
         Starting Snappy daemon...
[[0;32m  OK  [0m] Started System Logging Service.
[[0;32m  OK  [0m] Started /etc/rc.local Compatibility.
[[0;32m  OK  [0m] Started Login Service.
[[0;32m  OK  [0m] Started Unattended Upgrades Shutdown.
[[0;32m  OK  [0m] Started Login to default iSCSI targets.
[[0;32m  OK  [0m] Reached target Remote File Systems (Pre).
[[0;32m  OK  [0m] Reached target Remote File Systems.
         Starting LSB: automatic crash report generation...
         Starting Permit User Sessions...
         Starting LSB: daemon to balance interrupts for SMP systems...
         Starting LSB: Set the CPU Frequency Scaling governor to "ondemand"...
[[0;32m  OK  [0m] Started Permit User Sessions.
         Starting Hold until boot process finishes up...
         Starting Terminate Plymouth Boot Screen...
[[0;32m  OK  [0m] Started LSB: Record successful boot for GRUB.
[[0;32m  OK  [0m] Started Hold until boot process finishes up.
[[0;32m  OK  [0m] Started Getty on tty1.
         Starting Set console scheme...
[[0;32m  OK  [0m] Started Serial Getty on ttyS0.
[[0;32m  OK  [0m] Reached target Login Prompts.
[[0;32m  OK  [0m] Started Set console scheme.
[[0;32m  OK  [0m] Started Terminate Plymouth Boot Screen.
         Starting Authenticate and Authorize Users to Run Privileged Tasks...
[[0;32m  OK  [0m] Started LSB: MD monitoring daemon.
[[0;32m  OK  [0m] Started LSB: Set the CPU Frequency Scaling governor to "ondemand".
[[0;32m  OK  [0m] Started Authenticate and Authorize Users to Run Privileged Tasks.
[[0;32m  OK  [0m] Started Accounts Service.
[[0;32m  OK  [0m] Started LXD - container startup/shutdown.
[[0;32m  OK  [0m] Started LSB: automatic crash report generation.
[[0;32m  OK  [0m] Started LSB: daemon to balance interrupts for SMP systems.
[[0;32m  OK  [0m] Started Virtualbox guest utils.
[[0;32m  OK  [0m] Started Snappy daemon.
         Starting Wait until snapd is fully seeded...

Ubuntu 16.04.6 LTS ubuntu-xenial ttyS0

ubuntu-xenial login: [   63.555267] cloud-init[1382]: Generating locales (this might take a while)...
[   70.951270] cloud-init[1382]:   en_US.UTF-8... done
[   70.952361] cloud-init[1382]: Generation complete.
[   74.164241] cloud-init[1382]: Cloud-init v. 19.1-1-gbaa47854-0ubuntu1~16.04.1 running 'modules:config' at Fri, 23 Aug 2019 16:12:53 +0000. Up 61.88 seconds.
ci-info: no authorized ssh keys fingerprints found for user ubuntu.
<14>Aug 23 16:13:10 ec2: 
<14>Aug 23 16:13:10 ec2: #############################################################
<14>Aug 23 16:13:10 ec2: -----BEGIN SSH HOST KEY FINGERPRINTS-----
<14>Aug 23 16:13:10 ec2: 1024 SHA256:n72x3UlQ9HflE+4S8b2vRP/RSKGWHd7NBBPXXR8SOIk root@ubuntu-xenial (DSA)
<14>Aug 23 16:13:10 ec2: 256 SHA256:DJTuNX+WJZL/gqE9HMoA/aQ6bGuowKuSLQ/c9iTsmkw root@ubuntu-xenial (ECDSA)
<14>Aug 23 16:13:10 ec2: 256 SHA256:qOirrnrwNv2iTXat+LoG18N2By617M84PystNwBl1io root@ubuntu-xenial (ED25519)
<14>Aug 23 16:13:10 ec2: 2048 SHA256:MkSAqLyD6YqhznTwoEIjmcLU9i3bsFtkQVhVknzJpUQ root@ubuntu-xenial (RSA)
<14>Aug 23 16:13:10 ec2: -----END SSH HOST KEY FINGERPRINTS-----
<14>Aug 23 16:13:10 ec2: #############################################################
-----BEGIN SSH HOST KEY KEYS-----
ecdsa-sha2-nistp256 AAAAE2VjZHNhLXNoYTItbmlzdHAyNTYAAAAIbmlzdHAyNTYAAABBBFQMKgHp+qUUdp1xe2fBd2KszG5U7Vz7GIRyGqRviOm32Lndkt9oLP4DkZBx75nOdjVwAlaX/IijM6LvsJ7RqDQ= root@ubuntu-xenial
ssh-ed25519 AAAAC3NzaC1lZDI1NTE5AAAAINY1G7LvMvYCiyAk26Qw2rDGPg7t2o/jyFaQvpthufIC root@ubuntu-xenial
ssh-rsa AAAAB3NzaC1yc2EAAAADAQABAAABAQDi9eVoy2nxaFGUbVuXt2ON8gVNhSxzY7aSJNYEuouXvI6n6bFHxTyE/G4Ux68L4hx1oTjRgLceEGR89Hu2SmVWIVAbYBMFwm7gFC0yM9b1OAYmn20REsxkpmm9eN7ybDaF0bMamFWq8LFe2M/WY7wXSONZozPoyuvPP92fLRzlN8sWV2/IDP11r1T+ygL8YCT6ORqlSkLRgjjW9Hp2PRM2dK7dNT0e9qdgR7qxcXl+H7lKQr2LAhXP/sDxG6PwtdztzP7oN3lWIk99Pm//5JEsvVbhutz1t8gqN9kEQ/ULGoCFD007pE0jlwA5Z4E8SKHteylBuifxEMSz4y87pNOl root@ubuntu-xenial
-----END SSH HOST KEY KEYS-----
[   78.962100] cloud-init[1554]: Cloud-init v. 19.1-1-gbaa47854-0ubuntu1~16.04.1 running 'modules:final' at Fri, 23 Aug 2019 16:13:08 +0000. Up 76.97 seconds.
[   78.963257] cloud-init[1554]: ci-info: no authorized ssh keys fingerprints found for user ubuntu.
[   78.963815] cloud-init[1554]: Cloud-init v. 19.1-1-gbaa47854-0ubuntu1~16.04.1 finished at Fri, 23 Aug 2019 16:13:10 +0000. Datasource DataSourceNoCloud [seed=/dev/sdb][dsmode=net].  Up 78.77 seconds
